7	3.50066	-2.28457
2	-1.93483	-0.152227
1	3.38574	1.17821
0	-4.46367	2.03351
4	0.408927	-1.01068
1	3.42528	1.08032
4	0.556915	-1.04316
9	0.906111	-4.9814
5	0.543986	1.09693
9	0.897166	-4.82536
0	-4.86367	1.77244
6	-2.16943	-2.98491
9	0.879692	-4.43004
0	-4.6198	1.74737
1	3.20077	1.01082
5	0.343208	1.00381
9	0.750295	-4.387
7	3.40427	-2.05598
3	-1.16131	3.38182
4	0.267802	-1.0371
9	1.02551	-4.71578
6	-2.64537	-3.34737
6	-2.38482	-3.19287
5	0.223835	0.949921
4	0.422911	-0.910331
0	-4.89817	1.92549
7	3.76897	-2.23032
4	0.464414	-1.0536
0	-4.67246	1.60553
1	3.36308	1.26962
3	-1.72755	3.55975
1	3.54455	1.27552
3	-1.78827	3.56989
4	-0.515389	-0.538554
7	3.70043	-2.38548
2	-1.82466	-0.541499
7	3.42774	-2.34549
1	3.37808	1.14391
2	-1.7553	0.146863
1	3.59614	1.10411
1	3.21998	1.31183
7	2.08215	-1.25764
4	0.543173	-1.02353
2	-1.23017	-0.406614
3	-1.81596	3.52271
5	0.307085	0.917976
1	3.59315	1.59359
2	-1.77844	-0.461054
4	0.315611	-1.01945
4	0.436444	-1.21635
6	-2.61671	-3.23731
3	-1.67809	3.55918
5	0.271179	0.988628
5	0.281765	0.996035
6	-2.12945	-2.94939
0	-4.9991	1.72107
4	0.351419	-1.15643
1	3.51331	1.15325
9	0.902202	-4.40679
5	0.294627	1.16726
7	3.89009	-2.29134
8	1.59564	4.26243
9	1.84913	-3.08789
3	-1.59559	3.38879
7	3.79075	-1.94237
4	0.25612	-0.946219
6	-2.32809	-3.59709
4	0.370025	-1.03571
3	-1.77262	3.45217
0	-4.85459	1.95937
7	3.37658	-2.02149
0	-4.70193	1.70053
2	-1.86927	-0.481195
9	1.07198	-4.54811
1	3.24439	1.21448
7	3.42623	-2.03063
3	-1.70395	3.26361
2	-1.91219	-0.102676
9	0.705158	-3.98735
7	3.50457	-2.34917
7	3.61298	-2.13538
6	-2.60689	-3.52224
2	-1.92942	-0.334688
7	3.41566	-2.12868
8	1.68644	4.1389
4	0.368804	-0.924288
7	3.56227	-2.09713
3	-2.07179	3.61699
6	-2.45056	-3.08393
1	2.86868	1.23761
3	-1.85103	3.55936
6	-2.54884	-3.32283
9	0.643939	-3.51989
3	-1.92684	3.83559
1	3.21907	1.19937
4	0.255971	-1.30825
1	3.27537	1.18397
7	3.85109	-1.98639
6	-2.67281	-3.67298
9	0.840752	-4.39469
6	-2.19227	-2.7452
0	-4.77819	1.63069
5	0.23624	1.06952
4	0.404091	-1.1454
9	0.992433	-3.11598
9	0.831828	-4.32196
2	-1.92274	-0.650528
1	3.40519	1.34971
9	0.982858	-4.35114
4	0.46784	-1.04969
8	1.62018	4.21009
7	3.45149	-1.83768
3	-1.81841	3.61947
9	0.911679	-4.51321
7	3.84284	-1.85308
4	0.600701	-2.63544
4	0.607854	-0.901145
4	0.450768	-0.882866
9	0.904907	-4.22736
2	-1.79715	-0.188744
5	0.117324	1.12862
4	0.386093	-0.895958
7	3.66266	-1.97924
6	-2.34777	-3.23564
7	2.9715	-1.92105
9	0.770298	-4.26506
0	-5.0326	1.5425
5	0.280363	1.05466
8	1.53301	4.1107
5	0.214183	0.919171
6	-2.64081	-3.35757
6	-2.50636	-3.40491
5	0.236197	0.889239
7	3.57356	-2.12904
8	1.59024	3.94196
1	3.35973	1.03842
0	-4.96587	1.78713
1	3.2529	1.07738
6	-2.50742	-3.40951
4	0.376835	-1.21443
6	-2.4597	-3.26039
7	3.55183	-1.99451
3	-1.89716	3.56432
1	3.3494	1.16249
7	3.8657	-2.00968
1	3.42024	1.14477
8	1.65981	4.33395
2	-1.83686	-0.377062
0	-4.80276	1.65297
2	-1.49988	-0.306374
9	0.865924	-4.43964
9	0.877304	-3.30006
5	0.248324	1.02743
5	0.201835	0.921229
1	3.30812	1.23255
5	0.11044	0.913503
6	-2.51656	-3.2588
0	-4.94732	1.8501
3	-1.97738	2.50764
4	0.436586	-0.396027
4	0.523529	-1.36117
6	-2.65763	-3.47931
5	0.262344	1.00085
4	0.470307	-1.04999
6	-2.41451	-3.08986
5	0.245817	1.04793
4	0.344382	-1.03504
5	-0.0798117	1.3907
1	3.40365	1.01519
4	0.435421	-1.22146
4	0.348198	-0.948588
7	3.53095	-2.31796
2	-1.76243	-0.160521
3	-1.72955	3.52286
2	-1.72984	-0.403554
7	3.25763	-1.05923
1	3.37871	1.0999
8	1.38034	4.25077
1	3.36012	1.06065
8	1.46919	3.87082
1	3.29559	1.1485
8	1.61332	4.33885
5	0.281726	1.16836
0	-4.7866	1.8466
8	0.840571	3.59519
9	0.784778	-4.88845
2	-1.9183	-0.358433
5	0.0959257	0.9466
0	-4.87866	1.93324
1	3.24558	1.32561
1	3.48053	1.226
1	3.46579	1.28929
0	-4.80982	1.92775
9	1.31508	-3.87014
0	-4.77453	1.8066
3	-1.56563	3.1959
1	3.45753	1.11097
6	-2.36114	-2.9169
4	0.348804	-0.967029
2	-1.73178	-0.0692358
3	-1.54578	3.59031
6	-2.46049	-3.43253
1	3.30425	1.08659
1	3.38793	1.20524
1	3.41558	1.21799
3	-1.7458	3.50105
9	0.702791	-4.38715
5	0.186429	0.918369
2	-1.85898	-0.316333
9	0.563391	-3.69695
4	0.332908	-0.920843
5	0.356921	1.61838
9	0.769274	-4.53244
3	-1.78844	3.58832
9	0.989211	-3.21997
0	-4.87263	1.74535
3	-1.70243	3.55172
6	-2.01849	-2.65819
5	0.303891	1.09905
5	0.237506	0.818292
7	3.08131	-1.64524
2	-1.94725	-0.520516
2	-1.76877	-0.195795
7	3.53349	-2.27557
1	3.28225	1.19669
2	-2.01489	-0.180105
8	1.20124	4.00046
4	0.518981	-0.853579
1	3.385	1.00035
7	3.47048	-2.1113
3	-2.15785	3.97834
3	-1.79508	3.20339
8	1.65945	4.4074
8	1.67088	4.21964
7	3.53472	-1.99034
9	1.36532	-3.62604
2	-1.81608	-0.361441
2	-1.75257	-0.403185
4	0.357139	-1.0208
1	3.35603	1.12662
5	0.212695	1.00256
9	0.92723	-4.75747
8	2.00869	4.68233
7	3.70123	-1.88743
2	-2.1736	-0.369382
3	-1.44778	3.54173
0	-4.67087	1.78368
4	-1.61701	-2.14482
4	0.371534	-1.05031
2	-1.7226	-0.251221
4	0.257922	-1.06902
1	3.56179	1.16164
9	0.883098	-4.47524
5	0.218703	0.861603
7	3.4769	-2.13277
7	3.06105	-1.57778
2	-1.93249	-0.33828
8	1.71557	3.84635
2	-1.82436	-0.326619
6	-3.23296	-2.49843
8	1.71446	4.08286
5	0.144439	1.27859
7	3.31893	-1.91413
7	3.52028	-1.97141
9	0.921765	-4.0083
1	3.28456	1.04483
8	0.777292	4.02449
1	3.37642	1.16608
8	1.34082	4.02833
0	-4.81753	1.88564
3	-1.80756	3.64591
0	-5.08728	1.73637
1	3.38657	1.11114
9	0.81729	-3.68797
9	0.767356	-4.17033
4	0.337629	-1.10134
1	3.33634	1.17783
8	1.68332	4.24255
2	-1.79029	-0.278181
1	3.40508	1.12389
2	-1.9133	-0.407982
9	0.904977	-4.39639
7	3.83723	-1.20733
5	0.289406	1.13673
9	1.02997	-4.34945
2	-1.76642	-0.358849
6	-2.6455	-3.36723
4	0.454357	-1.22067
1	3.52145	1.15183
5	0.363211	0.824685
8	1.07287	2.82942
2	-1.77718	-0.522603
9	1.01656	-4.37392
2	-1.80767	-0.254145
0	-4.73778	1.79516
4	0.327608	-1.20073
0	-4.58626	1.72905
0	-4.75188	1.68003
2	-1.79426	-0.235871
8	1.62475	4.24548
4	0.124766	-0.664105
7	3.71035	-2.11983
1	3.32344	1.14632
2	-1.64454	-0.540156
4	0.424916	-1.00481
0	-4.99191	1.65744
2	-1.9974	-0.375588
7	3.57411	-1.68687
4	0.354174	-1.11053
3	-1.90153	3.56425
3	-1.88701	3.50547
0	-4.82053	2.15263
0	-4.79266	1.82922
3	-1.8638	3.46997
1	3.5718	1.27754
9	0.739047	-4.27128
6	-2.18791	-2.96743
5	0.140066	1.37504
2	-2.08322	-0.524743
5	0.0543984	1.09523
9	1.35835	-1.80387
2	-0.739786	-0.470009
9	0.803516	-4.75195
3	-1.89983	3.92768
0	-2.97644	2.65932
4	0.34175	-0.694937
2	-1.16428	-0.497348
0	-4.90987	1.81847
7	3.70061	-1.83179
1	3.3007	1.11838
1	3.36131	1.17241
2	-1.89231	-0.323482
1	3.40145	1.10887
5	0.091146	1.16714
3	-1.69647	3.40475
3	-1.78948	3.37413
9	0.967821	-4.21249
7	3.15886	-1.7478
8	1.69694	4.53617
6	-2.47461	-3.39594
5	-0.14404	1.55448
6	-2.24797	-1.90332
1	3.31925	1.0812
3	-1.78949	3.4075
8	1.30621	3.55636
1	3.43456	1.18038
0	-5.04234	1.82323
5	0.327451	0.836676
1	3.31085	1.08758
3	-1.79263	3.67577
1	3.57049	1.52515
5	0.16081	1.01481
5	0.156487	1.20489
6	-2.40055	-3.42686
1	3.50274	1.1579
8	1.64896	4.25202
5	0.288876	0.957406
1	3.19366	1.20315
7	3.18148	-1.7576
9	0.874466	-3.0352
4	0.744728	-1.2691
6	-2.67891	-3.35134
2	-1.8293	-0.681823
2	-1.83251	-0.103903
5	0.185753	1.02718
0	-4.99364	1.79453
6	-2.61001	-2.31317
5	0.173227	1.0228
6	-2.35787	-3.15898
3	-1.78023	3.55298
7	3.68755	-2.16224
2	-1.99433	-0.326981
0	-4.75492	1.50884
8	1.41671	3.78282
8	1.54131	3.98932
5	0.242995	1.05422
4	0.294287	-0.976372
1	3.38691	1.28193
1	3.4504	1.14836
4	0.348086	-1.03734
0	-4.80936	1.308
3	-1.96771	3.43606
3	-1.76808	3.59671
7	3.37505	-2.08652
6	-2.76965	-3.45866
1	3.42887	1.17946
6	-2.46883	-3.6195
2	-1.83978	-0.425465
1	3.52372	0.961372
9	1.06451	-4.08602
2	-1.94146	-0.331974
8	1.60234	3.95391
6	-2.61952	-3.43498
1	3.3928	1.31168
9	1.16509	-4.29638
5	0.210074	0.924186
2	-1.67223	-0.237785
5	0.151722	0.975272
4	0.375885	-1.11834
4	0.401529	-1.01532
2	-1.89783	-0.422287
8	1.6042	3.73233
3	-1.66993	3.49501
8	1.8495	4.44985
2	-1.45955	-0.222057
4	0.382519	-1.07356
5	0.202856	1.00975
0	-5.00092	1.8041
3	-1.8564	3.41712
1	3.2769	1.26585
7	3.59421	-2.07523
7	3.54546	-1.71885
5	-0.526138	2.01934
7	3.5737	-2.07575
9	0.901932	-4.38871
7	3.33218	-2.24998
1	3.39166	1.1342
9	1.0177	-4.21516
2	-1.95462	-0.379202
1	3.41257	1.10704
4	0.396562	-1.36654
2	-2.1988	-0.0787692
9	0.884291	-4.37824
2	-1.76816	-0.298674
0	-4.71222	1.708
4	0.226666	-1.14354
9	0.824994	-4.45573
1	3.30696	1.0599
4	0.406074	-0.895857
8	1.65916	4.137
1	3.39298	1.09977
8	1.64655	4.26131
4	0.381984	-0.590628
5	0.285797	1.29559
9	0.636434	-4.6539
8	1.71744	3.31886
8	1.71307	4.31699
3	-1.76627	3.92297
7	3.42092	-2.02873
6	-2.54352	-3.77193
0	-4.5514	1.78725
0	-4.55313	1.89089
3	-1.60921	3.52088
0	-5.26619	1.73384
2	-1.88006	-0.298536
6	-3.25486	0.436633
6	-2.59874	-3.37546
4	0.557672	-2.76036
9	0.633853	-1.6801
3	-0.956195	2.51898
3	-1.70903	2.92187
3	-1.7599	3.53021
2	-1.9624	-0.323799
3	-1.7097	3.37072
9	0.889471	-4.30622
1	3.33942	1.16363
2	-1.5566	-0.295639
6	-2.52329	-3.25402
8	1.60266	4.23869
0	-5.13201	1.79722
5	0.365052	1.00972
6	-2.55326	-3.27451
6	-2.45605	-3.21687
6	-2.61343	-3.37215
3	-1.71997	3.71597
8	1.72247	4.15487
8	1.55618	4.0338
2	-1.93383	-0.35438
7	2.53784	-1.40914
5	0.168781	1.08545
8	1.62025	4.05045
9	1.09783	-4.07314
6	-2.18928	-3.04578
1	3.42646	1.04562
8	1.67777	4.31079
4	0.161956	-0.856546
1	3.30162	1.08812
2	-1.98647	-0.260741
5	-0.00867145	0.982813
9	0.617618	-5.12141
1	3.67178	1.33159
9	0.902779	-4.32926
7	3.4975	-2.02517
5	0.386799	1.09863
4	0.466888	-1.04398
0	-4.7751	1.72114
8	1.65734	4.26968
9	0.945602	-4.63944
9	0.888489	-4.74357
1	3.41123	1.17035
0	-4.42933	1.65847
5	0.214514	1.10042
2	-1.68545	0.350077
3	-1.63418	3.47315
7	3.47432	-2.22309
8	-0.251127	3.05718
9	0.786362	-4.59048
4	0.72985	-0.374607
0	-4.73871	1.86299
6	-2.43292	-3.25737
3	-1.65123	3.25889
9	0.876106	-4.26987
5	-0.0981882	1.18933
2	-2.00596	-0.464623
1	3.30926	1.28549
3	-1.83777	3.49562
1	3.41208	1.12709
3	-1.61091	3.34554
6	-2.81423	-3.75869
5	0.147494	1.06588
7	3.90025	-2.17461
4	0.669635	0.0834491
2	-1.80018	-0.414596
2	-2.00178	-0.429607
6	-2.62112	-4.06269
3	-1.80363	3.49393
2	-1.869	-0.422333
6	-2.45319	-3.41816
5	0.137302	0.965908
4	0.494921	-1.04204
8	1.56212	4.31398
9	0.921919	-4.35544
7	3.74254	-1.61989
1	3.21032	0.795766
3	-1.65832	3.51531
0	-4.90017	2.00411
3	-1.84851	3.58592
8	1.62281	4.36917
3	-1.9033	3.77826
1	3.25838	1.05522
9	1.14502	-4.32269
3	-1.70431	3.22583
4	0.465187	-1.16933
4	0.478581	-1.06651
6	-2.47541	-3.2366
4	0.354956	-1.07526
2	-2.12168	-0.632964
1	3.34184	1.06674
8	1.73733	4.3477
2	-1.85921	-0.255554
5	0.240585	0.911195
4	0.359321	-0.997971
8	1.39286	3.69372
8	0.680886	3.56369
4	0.230764	-1.20299
0	-4.84991	1.80831
0	-4.79751	1.68217
2	-2.10617	-0.366954
3	-1.67798	3.48315
2	-1.84521	-0.235461
7	3.18786	-2.02656
7	2.86999	-1.46
0	-5.124	2.12794
8	1.79679	4.22776
7	3.6391	-2.00432
4	0.410547	-0.962585
4	0.265919	-1.1094
7	2.97098	-1.0098
9	0.814936	-4.52661
6	-2.57897	-3.17498
9	0.784442	-4.5847
0	-4.72052	1.81944
9	0.766953	-4.01924
8	1.34415	3.94851
0	-4.88993	1.76161
4	0.467984	-1.15223
6	-2.26989	-2.87979
0	-4.65089	1.61967
6	-2.55374	-3.45334
3	-1.90366	3.68026
5	0.281973	0.71811
4	0.517499	-1.27389
8	1.68433	4.1433
3	-1.71718	3.52139
3	-1.73524	3.25103
9	0.775592	-4.12316
3	-1.8078	3.65531
3	-1.75339	3.4861
3	-1.65893	3.26404
7	3.67526	-2.29764
8	1.4572	4.18021
0	-4.76357	1.96386
8	-0.724643	1.72447
2	-0.434214	-0.484735
1	3.38188	1.32126
7	3.57084	-2.05845
0	-4.72668	1.60982
6	-2.75351	-3.22286
5	0.16155	0.845327
4	0.55163	-1.08275
3	-1.72264	3.32042
8	0.815131	4.91335
0	-4.68135	1.7407
9	1.26051	-3.36871
6	-2.56871	-3.16584
3	-1.6947	3.39571
8	1.52312	4.51207
0	-5.07036	2.21802
9	0.92938	-4.31852
9	0.922672	-4.23656
6	-2.4867	-3.30294
8	1.89727	4.45267
6	-2.61174	-3.51538
8	1.67521	4.74096
5	0.24166	0.826079
7	3.45556	-2.4387
8	1.26341	3.88561
6	-2.70197	-3.36918
0	-4.69122	1.7852
2	-1.71154	-0.221519
4	0.120656	-1.07243
0	-4.56709	1.56465
2	-1.92055	-0.472189
2	-1.44478	0.266071
3	-1.70997	3.61218
1	3.26719	1.12916
9	1.13415	-4.47377
7	3.91705	-2.13623
5	0.139633	1.12682
1	2.28386	1.88255
0	-4.78206	1.65211
8	1.55455	3.82486
4	0.349049	-1.06333
6	-2.59984	-3.30155
2	-1.73749	-0.331594
6	-1.13323	-2.00518
7	3.60513	-2.33665
9	1.02713	-4.88957
3	-1.95039	3.72928
2	-1.80653	-0.0399941
9	0.70785	-4.50341
8	1.62746	3.74655
2	-1.88666	-0.460264
2	-1.92016	-0.264138
9	0.881847	-4.37118
2	-1.6039	-0.31807
7	3.47264	-2.12217
3	-1.75192	3.73605
5	0.259135	1.1032
9	0.781311	-4.30047
1	3.35743	1.40809
8	1.68096	4.11782
0	-5.01324	2.2253
2	-1.86494	-0.310466
0	-4.94142	1.84758
5	0.0779904	1.15028
2	-0.858253	-0.687647
1	3.43274	1.08632
3	-1.7473	3.50037
7	3.3052	-1.78793
6	-2.58301	-2.63326
7	3.59709	-2.04259
1	3.33168	1.07743
2	-1.96698	-0.298937
5	-0.0609865	1.35287
8	1.52102	3.71684
0	-4.76155	1.73201
3	-1.84938	3.49166
7	2.97078	-2.50427
2	1.49852	0.193903
4	0.285346	-1.01615
0	-5.06035	2.40253
9	0.824069	-4.47832
1	3.37819	1.04401
8	1.70224	4.11613
6	-2.44351	-3.21632
7	3.65372	-2.07112
7	2.93997	-1.1022
4	0.481773	-0.653179
3	-1.9263	3.54968
4	0.548622	-1.22043
9	1.26009	-4.92957
1	3.43709	1.08319
9	1.03813	-4.79901
5	-0.636857	1.93721
1	3.35184	1.07747
7	3.57817	-2.19507
3	-1.63694	3.48053
9	0.843202	-4.6007
7	3.18912	-1.86305
6	-2.55871	-3.45273
9	0.808764	-4.37657
1	3.41201	1.22972
3	-1.6844	3.2153
7	2.54764	-1.16543
8	1.67642	4.30529
3	-1.76831	3.35471
3	-1.97252	3.42592
6	-2.50673	-3.22421
7	3.1463	-1.50805
2	-2.09398	-0.330803
8	1.68882	2.80399
5	0.234788	1.14945
8	1.58559	4.27501
5	0.338372	0.762561
1	3.38919	1.15999
1	3.24573	0.952196
4	0.41094	-0.994559
4	0.556081	-1.01534
3	-1.56404	3.38804
1	3.52481	1.06625
0	-4.40377	1.81967
7	3.74595	-2.0339
7	3.48045	-1.88121
0	-4.62783	1.71801
7	3.6993	-2.05378
9	0.775935	-4.41695
4	0.411933	-0.907071
4	0.407736	-1.13513
8	1.69296	4.20494
5	0.238925	0.989225
5	0.234707	0.851968
4	0.538921	-0.945523
0	-4.84014	1.63114
8	1.36613	3.62149
2	-2.19493	-0.54062
1	3.75243	0.0453691
0	-4.53648	2.02438
8	1.66681	4.11303
4	0.31015	-0.810804
5	0.557221	1.23363
0	-4.77573	1.76773
4	0.281043	-1.01886
0	-4.33163	1.66982
6	-2.3962	-3.16635
1	3.42844	1.1612
7	1.3887	-0.378749
3	-1.95696	3.39798
2	-1.7498	-0.335291
6	-2.59798	-3.3208
7	3.12789	-1.83175
2	-1.90637	-0.283948
6	-2.45762	-3.40971
9	0.902654	-4.41867
3	-1.94485	3.62114
1	3.34354	1.0173
4	0.349552	-1.27964
6	-2.87232	-3.50684
2	-2.07334	0.0935517
5	0.283694	0.921816
4	1.0094	-1.56395
2	-1.96489	-0.365126
0	-4.75549	1.80498
6	-2.44345	-3.18486
2	-2.14619	-0.383833
1	3.40552	1.06825
7	3.65618	-2.10534
3	-1.78971	3.55823
4	0.454645	-1.0677
1	3.39902	1.04787
0	-4.81897	1.7973
5	0.24932	1.09209
4	0.314914	-1.05042
3	-1.72198	3.40238
1	3.40137	1.10971
1	3.37136	1.11798
7	3.43542	-2.02337
4	0.408675	-0.988271
9	0.886097	-4.56928
9	0.744408	-4.43098
4	0.280109	-1.03602
8	1.24787	3.76702
4	0.362237	-0.798304
0	-4.84039	1.76925
2	-1.88374	-0.209743
4	0.341249	-1.06178
5	0.292247	0.963393
1	3.38337	1.13655
1	3.39025	1.11885
6	-2.2934	-3.30631
4	0.502976	-1.02227
7	3.84915	-1.85399
1	3.40224	1.19974
9	0.951598	-4.40129
4	0.453632	-1.05063
2	-1.72561	-0.36723
4	0.465419	-1.25771
1	3.3579	1.41455
5	0.0765385	1.01207
5	0.268949	1.01808
3	-1.4787	3.48623
8	1.54597	4.28809
3	-1.64249	3.29023
1	3.36294	1.15315
4	0.421503	-1.23418
5	0.397594	1.01796
6	-2.52096	-1.86667
8	1.32663	4.78985
9	0.740277	-4.74869
4	0.460646	-1.1404
1	3.36205	1.00922
5	0.244276	0.908458
3	-1.99217	3.69494
8	1.47734	3.82478
0	-4.82918	1.70944
3	-1.93015	3.45517
2	-1.70992	-0.31068
5	0.863669	1.15652
1	3.32264	1.25163
2	-1.95556	-0.271615
8	1.56285	4.32768
3	-1.67538	3.83188
4	0.424305	-1.00421
4	0.285653	-0.968682
0	-5.27299	2.1325
8	1.61977	4.14309
8	1.42306	3.93647
3	-1.87449	3.61784
3	-1.7291	3.4034
1	3.38	1.12987
7	4.2572	-2.08798
3	-1.81067	3.39693
5	0.367645	1.09991
9	0.856442	-3.72963
6	-2.54326	-3.18331
3	-1.7085	3.41025
2	-1.77024	-0.330531
6	-2.30007	-3.26188
1	3.35661	1.07039
3	-1.59538	3.12945
6	-2.57954	-3.51906
0	-4.93535	1.65081
7	3.24145	-1.73888
2	-1.44986	0.0939092
1	3.42706	1.04936
7	3.4717	-2.01745
1	3.38935	1.07407
4	0.639834	-1.5396
2	-1.87595	-0.390062
4	0.866062	0.308663
2	-1.65895	-0.355432
1	3.38539	1.25353
7	3.35575	-1.73131
9	0.759933	-4.67143
6	-2.75145	-3.26191
1	3.36193	1.17058
1	3.28978	1.13093
2	-1.83295	-0.455146
4	0.479428	-0.94426
8	1.17819	3.71014
1	3.38131	0.921049
7	3.56993	-1.77664
7	3.2808	-2.05369
4	0.348189	-0.964296
8	1.87742	3.99293
0	-5.06033	1.87072
7	2.52629	-1.96202
3	-1.88496	3.53549
1	3.44063	1.13034
3	-1.6292	3.51361
1	3.2208	1.22935
0	-4.56435	1.69816
7	3.42783	-1.99141
7	3.86378	-2.42262
0	-4.53399	1.495
3	-1.73791	3.42021
5	0.501217	0.785007
5	0.0533637	0.909013
2	-1.73717	-0.231891
7	3.50578	-1.80399
6	-2.49173	-3.34531
6	-2.3112	-3.31327
9	0.831959	-4.38696
2	-1.49736	0.060393
8	1.60757	4.32234
3	-1.74393	3.37
5	0.224076	1.11567
2	-1.79178	-0.420939
2	-1.92869	-0.320829
5	0.309571	0.91465
6	-2.45002	-3.05812
0	-4.89315	1.73188
8	1.70324	4.32688
2	-1.92212	-0.50147
9	0.749113	-4.47909
2	-1.88476	-0.584331
8	1.85218	4.36665
8	1.60643	3.85161
8	1.32109	3.76751
8	1.43289	3.97882
7	3.68621	-2.33029
4	0.527971	-1.33187
9	1.05187	-3.21212
3	-1.42731	2.57406
0	-5.07613	1.99322
6	-2.48189	-3.4295
6	-2.75657	-3.70115
3	-2.03402	3.74183
2	-1.93059	-0.417636
1	3.37718	1.09251
3	-2.24571	3.61761
2	-1.9251	-0.294588
2	-1.87283	-0.571365
9	0.874553	-4.31971
3	-2.02126	3.89287
0	-4.36848	1.34865
0	-4.5166	1.49546
5	0.131469	0.864807
7	3.82883	-2.29938
8	1.46994	3.98554
1	1.28949	1.85619
4	0.308841	-0.992549
4	0.346503	-1.24649
6	-2.42411	-3.49786
0	-4.43006	1.94623
2	-1.804	-0.230275
9	1.00346	-4.51516
1	3.47033	1.18782
4	0.340817	-1.10996
7	3.38007	-1.97133
4	0.388089	-1.04867
7	3.46087	-2.22305
3	-1.9118	3.5069
9	0.877053	-4.21388
8	1.56334	4.08022
8	1.48639	3.99381
4	-0.378477	-0.788524
7	3.60304	-2.20985
1	3.4443	1.07986
2	-1.85996	-0.393751
1	3.36238	1.29137
2	-1.97192	-0.474165
2	-1.81353	-0.354966
3	-1.8594	3.66039
2	-1.34747	-0.173024
3	-1.78972	3.54529
2	-1.45998	0.346975
3	-1.9627	3.59982
9	0.97355	-4.08738
1	3.45684	1.3108
7	3.20416	-1.4802
4	0.422704	-0.933226
0	-4.61208	1.96291
3	-1.71049	3.57244
5	0.262673	1.07268
5	0.306394	1.25658
8	1.25821	2.70357
6	-2.56975	-3.22212
3	-0.887342	2.58121
2	-2.2572	-0.725285
6	-2.44479	-2.87086
7	3.43293	-2.23048
6	-2.46725	-3.19915
6	-2.57166	-3.21769
3	-1.70195	3.76948
2	-1.84984	-0.394769
7	3.53909	-1.63102
8	1.29268	-0.242888
1	3.43829	1.13488
1	3.29665	1.18587
7	3.5503	-2.61377
5	0.0103222	0.56515
6	-2.65174	-3.3321
4	0.389861	-1.08155
9	0.895089	-4.46665
5	0.148086	1.0223
1	0.793258	0.832699
3	-1.75086	3.48538
3	-1.78251	3.0855
4	0.424783	-0.707334
7	3.47918	-2.19701
8	1.62	3.89431
9	1.04766	-3.80155
1	3.41509	1.31659
1	3.35038	1.19707
6	-3.14749	-2.03688
9	0.938623	-3.96597
1	3.39146	1.13809
4	0.513347	-0.937243
4	0.647064	-1.22487
5	0.23625	1.14465
4	0.448124	-0.981255
0	-4.73659	1.77897
6	-2.3307	-3.01992
2	-1.87478	-0.424206
2	-2.254	-0.613561
3	-1.73995	3.29256
1	3.23041	1.21504
5	0.20297	0.968346
1	3.0875	0.934208
2	-1.63379	-0.394718
0	-4.82082	1.66383
3	-1.92929	3.78213
8	1.72502	4.33182
1	3.38657	1.09842
2	-1.75214	-0.541352
6	-2.55608	-3.30141
7	3.34757	-1.34062
1	3.27871	1.14005
6	-2.49255	-3.51203
2	-1.44657	-0.176567
3	-1.542	3.54871
9	1.28291	-4.49395
0	-4.6805	1.68192
1	3.48862	1.68361
2	-1.84492	-0.256141
2	-1.85603	-0.348486
0	-4.87767	1.72456
8	1.70363	5.17058
9	1.11708	-4.17948
9	0.930823	-4.80047
0	-5.04558	1.9842
2	-1.89773	-0.34843
5	-0.0788114	1.42326
1	3.43693	1.23622
9	0.762556	-4.31379
7	3.48578	-2.292
8	1.5044	3.9175
1	3.43803	1.14769
0	-4.78282	1.83312
4	0.492665	-0.984658
1	3.27325	1.00221
7	3.43226	-1.85468
9	0.865788	-4.50264
6	-1.11471	1.58807
4	0.504187	-0.859421
2	-1.82554	-0.452575
6	-2.22809	-2.99259
8	1.73039	4.08556
1	3.25081	1.06781
3	-1.63045	3.25586
7	3.41502	-1.7917
5	0.146302	1.10351
4	0.412673	-1.01231
4	0.590601	-0.638471
1	3.36977	0.998387
8	1.8853	4.60223
1	3.37298	1.16731
3	-1.64041	3.33307
8	1.83618	4.31589
1	3.32631	1.14948
2	-1.99949	-0.325742
5	0.0238832	0.301476
8	1.38569	4.74909
0	-4.75102	1.79481
6	-2.63219	-3.50601
2	-1.67391	-0.321179
1	3.34697	1.0524
1	3.37976	1.1169
7	2.38797	-0.606679
1	3.35156	1.09709
5	0.226832	1.03796
3	-1.75015	3.71569
4	0.34849	-0.927717
6	-1.77384	-1.55477
9	1.04239	-3.2414
5	0.384597	0.901156
0	-4.801	1.86346
9	0.939738	-4.62421
2	-1.87767	-0.492583
2	-2.04925	0.0596533
4	0.573943	-0.945942
8	0.850309	4.03168
2	-1.86005	-0.315098
1	3.43849	1.11444
7	3.74841	-1.94212
2	-1.79157	-0.542305
4	0.387661	-0.981684
9	0.872238	-4.48135
4	0.377679	-1.05094
4	0.353966	-1.00256
0	-4.24342	1.86618
3	-1.55749	3.86537
9	0.767014	-4.85177
2	-1.78414	-0.293852
2	-1.72498	-0.481938
3	-1.91504	3.20503
3	-1.90426	3.76012
8	1.66189	4.49101
3	-1.6774	3.45766
5	0.204992	0.916317
7	3.74728	-2.11473
3	-1.62668	3.40875
5	0.198608	1.19054
8	1.63367	3.98874
1	3.39403	1.15553
2	-1.86935	-0.450608
4	0.514557	-0.977416
4	0.352194	-0.967496
6	-2.20074	-3.40822
4	0.483646	-0.982896
9	1.06593	-4.71831
5	0.0109815	0.748652
1	3.31748	1.02773
0	-4.9171	2.02438
6	-2.27696	-3.22153
9	0.841158	-4.481
5	0.188812	1.00107
9	0.790832	-4.53627
5	0.100909	0.915301
9	0.988077	-4.07812
7	3.79468	-1.90789
3	-1.92151	3.26454
8	1.43598	3.96832
0	-4.89453	1.81393
3	-1.73942	3.4891
7	3.68469	-2.28477
1	3.40495	1.09546
3	-1.65432	3.23687
6	-2.61791	-3.32535
7	3.42502	-2.13889
8	0.794404	4.67624
5	0.192425	0.994326
9	0.95997	-4.51421
7	3.52202	-2.16061
9	0.796919	-4.74928
6	-2.60422	-3.27096
9	0.505403	-3.35768
6	-2.45318	-3.10107
3	-1.75381	3.39992
7	3.49578	-2.31738
4	0.451512	-0.95649
4	-1.35312	-2.38685
5	0.172166	1.00649
3	-0.84206	3.40939
5	0.184887	1.09193
4	0.297	-0.885806
7	3.58157	-2.50654
8	1.5047	3.90504
7	2.84789	-1.34877
8	1.66877	4.41528
0	-4.9995	2.13869
7	3.31807	-1.74116
6	-2.58575	-3.21873
8	0.965448	3.52237
8	1.15896	4.25935
7	3.43747	-1.94228
3	-2.02224	3.95027
3	-1.45412	2.73328
1	3.4972	1.00657
9	0.778479	-4.12661
5	0.324028	0.801258
2	-1.74996	-0.413573
7	3.40734	-1.92718
3	-1.75	3.51306
5	0.25096	1.01584
1	3.64499	1.18942
1	3.36156	1.09586
2	-1.44483	-0.0401404
1	3.30404	1.24465
4	0.430561	-1.02777
7	3.58293	-2.25792
4	0.572063	-0.868627
7	3.34251	-2.30103
5	0.236792	0.88653
4	0.527716	-0.896608
5	0.0798274	0.965182
4	1.03158	-0.846991
0	-4.88754	1.75172
8	1.7204	4.16058
3	-1.70891	3.45644
6	-2.11461	-2.76326
9	0.886024	-4.5922
6	-2.701	-3.58986
0	-4.96555	1.80178
2	-1.73751	-0.506201
7	3.11733	-0.419581
4	0.283172	-0.934924
4	0.398072	-1.05947
4	0.293704	-1.08498
4	0.493613	-1.09175
6	-2.46255	-2.61157
6	-2.39289	-3.20049
4	0.421427	-1.14316
7	3.67145	-2.02625
9	0.753484	-4.01308
3	-1.69482	3.66278
4	0.275387	-1.1477
5	0.328149	1.01327
5	0.240857	1.0864
8	1.6955	4.354
7	3.63087	-2.10299
3	-1.71716	3.30982
7	3.59749	-2.06531
2	-1.87289	-0.284061
7	2.87081	-1.51442
0	-5.01222	2.11706
2	-2.0041	-0.309784
4	-1.13607	-0.459175
1	3.37815	1.09741
1	3.29065	1.11106
6	-2.40538	-2.87654
6	-1.50955	-1.39007
9	0.915245	-4.43047
2	-1.88411	-0.160881
8	1.84382	4.50298
7	3.53387	-2.13802
2	-1.86436	-0.399895
0	-4.81394	1.74543
1	3.35426	1.14881
5	0.137726	0.868241
0	-5.20706	2.00929
9	0.727389	-4.07598
1	3.26258	1.24982
7	3.3128	-2.10264
0	-4.88703	1.7433
6	-2.47761	-3.14994
0	-4.81084	1.91288
8	1.60486	4.10979
6	-2.43434	-3.28465
8	1.41466	3.92685
1	3.42441	1.33294
8	1.70904	3.82775
0	-4.67794	1.88296
3	-1.84226	3.33826
3	-1.60135	3.37782
7	4.19389	-2.60227
2	-1.80766	-0.32777
3	-2.08735	4.12677
6	-2.59537	-3.16317
2	-2.09177	-0.326814
1	3.38632	1.08694
6	-2.3963	-3.10544
1	3.4116	1.1976
1	3.45976	1.07262
3	-1.9024	3.48964
7	3.3404	-2.08888
9	0.815032	-4.49441
0	-4.66701	1.8024
8	1.98795	4.41711
0	-4.80016	1.76776
5	0.263317	1.00238
4	0.392132	-1.03146
0	-4.66155	1.76675
2	-1.21969	-0.452963
8	1.54727	4.35178
7	1.33345	-1.01462
2	-1.70323	-0.414705
9	0.9307	-4.66828
8	1.7706	4.05155
4	0.392033	-1.05865
0	-4.6651	1.67123
9	0.347454	-2.15884
5	0.149098	0.757192
8	1.4321	3.92217
5	0.0905913	0.979816
1	3.43519	1.17697
2	-1.81517	-0.357648
1	3.3858	1.12244
3	-2.05563	3.67688
1	2.97631	0.68888
7	3.56151	-2.2613
4	0.510297	-2.09188
5	0.140343	0.992387
7	3.40927	-1.93695
2	-1.79156	-0.265747
0	-4.75721	1.55703
9	-0.077947	-0.82842
8	1.84395	4.39749
8	1.42219	3.97319
6	-2.29594	-3.0036
2	-1.80976	-0.265143
5	0.20212	1.00884
4	0.0730471	-0.821709
1	3.34099	1.06686
9	0.95094	-4.48844
2	-1.74264	-0.320994
1	3.40054	1.10896
5	0.118949	0.992408
8	1.56483	3.65556
7	3.20694	0.446783
0	-4.79803	1.66433
2	-1.72257	-0.346662
4	0.383741	-1.48189
4	0.487487	-0.817392
3	-1.76467	3.47766
6	-2.16287	-3.23889
8	1.49478	4.11954
8	1.78121	4.36958
2	-2.17899	-0.233386
4	0.675686	-1.54195
0	-4.76289	1.88537
5	0.376525	0.878516
0	-5.42647	1.96092
4	-0.147239	-1.19614
4	0.262621	-1.00077
7	4.00419	-2.21914
9	0.913567	-4.35295
3	-1.65947	3.39296
4	0.629485	-0.906022
1	3.41656	1.18397
5	-0.525576	1.10004
9	0.704352	-5.03705
7	3.50098	-2.29162
3	-1.87112	3.64914
5	0.262362	0.976389
8	1.50673	3.99722
8	1.30115	4.03968
0	-5.06413	2.01469
5	0.0863881	1.50706
3	-1.6223	2.79888
3	-1.89605	3.66642
6	-1.91361	-2.63891
6	-2.32776	-3.1251
0	-4.77416	1.63045
1	3.37079	1.09481
6	-2.08991	-2.2547
0	-4.84402	1.89664
3	-1.96606	3.58342
5	-0.73586	1.36993
4	0.406872	-1.103
4	0.429817	-1.09452
1	3.58901	1.15888
2	-1.7599	-0.34878
9	0.838492	-4.45718
1	3.44433	1.05839
4	0.419835	-1.13669
6	-2.49559	-3.20282
9	0.805954	-4.3292
9	0.710168	-4.62392
3	-2.34186	3.77081
9	0.894212	-4.34198
8	1.6046	4.2601
4	0.108005	-1.03659
4	0.456588	-1.06647
3	-1.658	3.26083
1	3.35484	1.14925
3	-2.09022	3.68544
1	3.3526	1.00776
8	-0.939472	3.34308
8	1.57217	4.40863
7	3.62694	-2.01688
9	0.808523	-4.2301
4	0.360843	-0.909726
8	1.49983	4.23795
8	1.71295	4.2905
7	3.25832	-1.827
9	0.834218	-4.533
7	2.53454	-0.864024
1	3.32866	1.15605
4	0.316394	-1.04363
5	-0.0885508	1.07671
6	-2.62707	-3.35755
0	-4.78263	1.71696
5	0.225555	1.05585
2	-1.73457	-0.187714
2	-1.91981	-0.218212
2	-2.14224	-0.686672
1	3.41122	1.15569
5	0.263849	1.06255
5	0.1483	1.0423
2	-1.75042	-0.435546
4	0.423286	-0.951689
9	0.904857	-4.33306
6	-2.40466	-2.13873
2	-1.94361	-0.429774
7	3.54157	-2.18102
7	3.48713	-1.81749
2	-1.9464	-0.233801
2	-1.5927	0.103933
1	3.39165	1.08847
1	3.40515	1.07587
2	-2.08956	-0.216908
8	1.69792	4.28405
3	-1.92204	3.626
7	3.86435	-1.42159
2	-1.81541	-0.265512
4	0.563429	-1.00606
1	3.40166	1.18833
7	3.4196	-2.1714
1	3.40245	1.10467
7	3.52834	-2.3346
6	-2.27321	-3.2905
7	3.42763	-1.98717
8	0.395715	2.94594
2	-1.75741	-0.291746
7	3.51032	-1.98604
3	-1.77332	3.51397
1	3.3217	1.12123
7	3.49115	-2.09764
5	0.118551	1.02335
8	1.484	3.88556
2	-1.93949	-0.436777
6	-2.55361	-3.407
2	-1.82182	-0.484881
2	-1.93721	-0.517161
5	0.367275	0.957968
6	-2.84109	-3.80457
5	-0.602143	0.424342
0	-4.97326	2.00002
9	1.15007	-4.55007
2	-1.85208	-0.354783
4	0.396255	-0.878305
3	-1.81316	3.22482
3	-1.6975	3.70131
9	0.788898	-4.19166
7	3.45037	-2.10458
6	-2.5062	-3.0993
6	-2.6119	-3.34803
8	1.58762	3.98748
0	-4.91745	1.88312
4	0.292366	-0.748184
1	3.26205	1.21518
5	-0.475308	1.60342
8	0.522692	4.17657
2	-0.672432	1.03066
9	0.864026	-4.54853
1	3.34713	1.14311
8	1.41279	4.01911
0	-5.19722	1.7723
6	-2.57995	-3.2616
7	3.34231	-1.90126
2	-2.30546	-0.246771
1	2.20794	0.801474
0	-4.69205	1.61802
5	0.163373	0.951998
5	0.316595	1.01275
2	-1.83098	-0.25918
0	-4.86298	1.97638
2	-2.00222	-0.228792
2	-2.03997	-0.210527
0	-5.46117	1.89805
2	-1.74013	-0.356703
4	0.712769	-1.04691
9	0.415462	-1.41676
8	1.51374	3.76048
0	-4.66582	1.79429
9	0.844599	-4.33154
9	0.827988	-4.61318
4	0.619811	-1.08525
6	-2.5457	-3.29625
5	0.210167	1.41441
4	0.438936	-1.32521
9	0.976982	-4.46436
1	3.34837	1.04293
8	1.02974	1.91631
3	-1.78758	3.42069
4	0.54797	-1.16214
9	0.857685	-4.24841
9	0.843809	-3.91499
1	3.38502	1.00516
2	-2.12968	-0.305867
2	-1.71087	-0.335114
8	1.98813	3.9481
1	3.52272	1.17452
9	0.961972	-4.28387
6	-3.02195	-3.51544
4	0.511546	-1.05273
0	-4.3564	1.75761
9	0.657577	-4.50673
4	0.671041	-0.860754
8	0.586939	3.72949
3	-1.74431	3.38646
8	1.56139	4.01478
6	-2.87824	-1.69458
0	-4.80304	1.81614
2	-1.82307	-0.310668
5	0.203284	0.758326
1	3.43316	1.15709
9	0.783078	-4.21528
6	-2.34466	-3.36923
2	-1.87685	-0.342329
9	0.867467	-4.30154
4	0.328606	-0.798617
0	-4.74148	1.81028
9	0.934503	-4.29746
6	-2.53627	-3.56813
0	-4.9082	1.83662
6	-2.46292	-3.60693
2	-1.68214	1.02153
5	0.168729	1.05614
4	0.553538	-1.07253
2	-2.10476	-0.575423
3	-2.15804	3.2895
8	1.51982	4.52103
4	0.266519	-0.798089
5	0.123693	1.17407
5	-0.0388887	1.52597
0	-4.35538	1.75785
3	-1.65309	3.43732
8	1.79835	4.15581
5	0.210156	0.989582
3	-1.76101	3.28669
5	0.337319	1.0861
8	1.61791	4.24966
6	-2.69164	-3.33234
5	0.180445	1.04414
7	3.69623	-1.76294
6	-2.43619	-3.12451
3	-1.80263	3.48649
3	-1.89184	3.80097
9	0.930254	-4.45001
6	-2.35814	-2.81796
1	3.4419	1.11847
1	3.43638	1.19072
2	-1.9017	-0.281345
9	0.747078	-4.18972
0	-4.85099	1.68774
4	0.605035	-0.704442
3	-1.76046	3.53326
3	-1.64631	3.15916
6	-2.50183	-3.15121
9	0.891645	-3.81505
5	0.317324	0.918625
7	2.91989	-1.01329
3	-1.59593	3.40584
7	3.30967	-2.02952
7	3.34031	-2.2287
7	3.70487	-2.32112
8	1.87745	4.73632
7	2.00691	-0.326168
9	0.98422	-4.13363
8	1.57888	3.95591
3	-1.67036	3.33438
0	-4.7547	1.58189
7	3.01917	-1.55272
2	-1.89806	-0.376027
7	3.57496	-2.04289
9	0.689764	-4.17852
4	0.478188	-1.04214
5	0.275756	1.11398
4	0.606537	-0.928899
9	0.701687	-4.55742
3	-1.61	3.15082
2	-1.99794	-0.469376
1	3.34245	1.02081
4	0.33911	-0.957535
0	-4.75779	1.8223
2	-1.82809	-0.260782
3	-1.88172	3.50238
7	2.85741	-1.23524
5	0.196903	0.974969
7	2.79008	-1.89122
8	1.3029	3.64064
8	1.39544	3.65139
5	0.228729	0.981246
0	-4.72635	2.06611
1	1.65796	1.42768
1	3.43895	1.12041
4	0.445562	-0.936431
8	2.48629	2.88897
3	-2.08257	3.5117
9	0.808265	-4.54452
0	-4.74896	1.87432
0	-4.90029	1.69569
0	-4.76652	1.71412
6	-2.69156	-3.54983
6	-2.51336	-3.1291
2	-1.98106	-0.435908
3	-1.69619	3.42098
7	3.60869	-1.93092
8	1.42458	3.79191
4	0.371311	-1.08625
7	3.57387	-1.4407
7	3.6119	-1.99126
9	0.99093	-4.54231
2	-2.03318	-0.382755
4	0.531786	-1.00917
1	3.37497	1.21758
4	-0.133689	-1.53417
5	0.328441	1.17183
2	-0.475619	0.665018
4	0.393883	-1.08425
9	0.587316	-1.87576
9	1.28595	-2.8489
1	3.41435	1.1297
8	1.65478	4.08639
4	0.402327	-1.00677
0	-4.79003	1.68245
9	-0.271243	-2.48638
8	1.6772	4.20665
4	0.387324	-1.07538
8	0.872411	3.99202
7	3.71394	-2.14437
7	3.5534	-2.06518
0	-4.84263	1.66404
7	3.62281	-1.71355
8	1.61907	4.58897
8	1.31644	3.78836
6	-2.30037	-2.63379
0	-4.27844	0.77339
4	0.44994	-0.808024
8	1.60404	4.2868
8	1.8645	4.40103
2	-1.9876	-0.397195
4	0.47326	-1.04996
7	3.39933	-1.96528
6	-2.59498	-3.36618
6	-2.6932	-3.3536
6	-2.47934	-3.34023
4	0.531935	-1.08369
7	2.45877	-2.6381
1	3.492	1.26305
8	1.32596	4.41332
8	1.24157	4.03412
2	-1.81538	-0.377271
3	-1.80325	3.5835
6	-2.60214	-3.41721
3	-1.68503	3.33082
0	-4.82299	1.69493
0	-4.84242	1.65002
3	-1.69634	3.50247
7	3.52293	-2.26019
6	-2.56121	-3.3379
9	0.748775	-4.72093
7	2.7789	-1.89533
9	0.753312	-4.64104
9	0.986498	-4.25075
5	0.210136	0.946213
4	0.377764	-1.01139
3	-1.7869	3.36137
3	-1.86182	3.84139
6	-2.3769	-3.36549
1	3.24483	1.06789
2	-1.65277	-0.323215
3	-1.75411	3.49572
7	3.33315	-1.95027
3	-1.76927	3.46843
3	-1.96127	3.5528
2	-2.23546	-0.872786
0	-5.02581	1.66883
3	-1.54055	3.24813
3	-1.74147	3.55828
8	1.81844	4.84303
4	0.0414573	-0.908029
3	-1.72059	3.35874
6	-2.76344	-3.43881
3	-1.71746	3.02423
5	0.167334	1.49506
0	-4.81244	1.89466
2	-1.90158	-0.22303
0	-4.17552	-0.321367
9	0.971259	-4.30632
0	-4.60477	1.72325
7	3.49227	-2.1128
4	0.468343	-0.943706
6	-2.43688	-3.08906
9	0.236106	-3.61257
3	-2.00093	3.51998
5	0.184084	0.986668
1	3.33102	1.21818
9	0.919518	-4.28897
6	-2.56858	-3.31735
1	3.32919	1.07441
4	0.600768	-0.883139
5	0.117417	0.98784
4	0.347436	-1.05609
5	0.223937	1.06811
0	-4.88361	1.78361
5	0.253682	0.961578
9	0.96795	-4.95464
5	0.189598	0.358493
2	-2.03682	-0.563324
1	3.34648	1.13152
2	-1.93335	-0.60064
9	0.931858	-4.40396
1	3.41693	1.06211
9	0.799317	-4.58279
9	0.731699	-4.26635
4	0.327423	-1.06432
0	-4.17485	1.64655
8	1.38289	3.85551
4	0.501353	-1.14479
5	0.178866	1.03829
2	-1.67014	0.280797
9	0.782787	-4.33139
2	-1.75765	-0.228752
1	3.36781	1.0583
2	-2.21717	-0.373882
1	3.32693	1.17202
7	3.86273	-2.38647
3	-1.76596	3.50048
6	-2.5098	-3.43948
8	1.4956	3.98074
8	1.45412	4.05951
4	0.422999	-1.00846
9	0.753648	-4.35144
1	3.31374	1.11034
9	0.807932	-4.54278
8	1.07174	3.73349
5	-0.0712139	1.16214
7	3.35186	-1.25805
5	0.189028	1.06823
1	3.51648	1.19265
1	3.33811	1.01712
8	1.48622	4.13253
6	-1.86728	-2.68122
5	0.364721	1.19339
2	-2.34632	-0.0753223
4	0.360576	-1.04377
4	0.506081	-1.08904
3	-0.39629	1.95167
2	-2.21866	-0.332617
3	-1.74485	3.45121
5	0.26884	0.795455
6	-2.52843	-3.38507
8	1.39303	3.99263
8	1.63068	4.63453
6	-2.60658	-3.18311
2	-1.93743	-0.219352
3	-2.27868	4.18339
1	2.01645	1.59904
0	-4.53299	1.75758
5	0.286939	1.04502
8	1.74428	4.36389
9	0.942724	-4.43225
2	-1.83262	-0.520908
9	0.831443	-4.13705
6	-2.34639	-3.08817
7	3.4825	-2.28831
0	-4.86806	1.81164
4	0.413722	-1.02001
8	1.63567	4.06258
7	3.3241	-1.92693
1	3.40331	1.36198
7	3.67848	-2.08423
4	0.552658	-1.23345
1	3.34643	1.06663
0	-4.60975	1.67568
9	0.0521182	-0.00615762
7	3.64421	-2.02734
2	-1.91298	-0.374609
0	-4.81328	1.52912
0	-4.7094	1.76973
9	1.02059	-4.26451
1	3.3555	1.09792
7	3.55374	-1.70324
8	0.836456	3.78319
7	2.85061	-1.40897
8	1.52591	4.20418
4	0.525254	-0.990259
7	3.33631	-1.46332
2	-1.8813	-0.166047
0	-4.82224	1.73189
4	0.352429	-1.14143
6	-2.61022	-2.89289
0	-4.93681	1.93392
3	-1.86675	3.76969
1	3.35189	1.16511
1	3.21459	1.04917
3	-1.77309	3.41352
3	-1.86261	3.29172
9	0.674376	-4.34141
6	-2.3786	-3.18968
7	3.52628	-1.94558
4	0.554289	-0.887892
1	3.35749	1.10681
5	0.135099	1.98703
3	-1.68218	3.30833
0	-4.93257	1.64413
8	1.67072	4.18606
7	3.66541	-2.61153
3	-1.72435	3.25784
9	0.872072	-4.2791
6	-2.57094	-3.36043
9	0.864052	-4.51592
3	-1.77545	3.66805
5	0.411275	1.5077
0	-2.36595	0.456369
2	-1.90483	-0.37628
7	3.39647	-1.65294
4	0.593743	-0.959615
5	0.144899	0.845007
1	3.28197	1.04507
7	3.27565	-1.16712
5	0.381434	0.960145
8	1.36001	3.82592
0	-4.96522	1.91493
8	1.74256	4.38766
8	1.91571	5.16354
1	3.3117	1.13056
5	0.159019	1.06471
0	-4.99172	1.74252
3	-1.82137	3.72669
0	-4.96037	1.7601
3	-1.73299	3.54029
1	3.26078	1.28309
4	0.425525	-1.04974
0	-4.87121	1.74511
3	-1.76269	3.4773
7	3.57931	-2.42505
2	-1.62965	-0.235232
7	3.60847	-2.00208
1	2.7853	0.794899
8	1.80075	3.81885
0	-4.90061	1.77467
7	3.09991	-1.71574
0	-4.79628	1.83437
4	0.466771	-1.00151
3	-1.75127	3.47592
1	3.44055	1.15625
9	0.668263	-4.55454
8	1.14728	4.04359
7	3.50571	-2.22232
7	3.60779	-2.1516
1	3.65778	1.33591
4	0.349691	-0.915589
9	0.810484	-4.26046
9	0.79836	-4.57539
3	-1.86236	3.18428
2	-0.203179	0.772568
1	3.46327	1.08005
7	3.58408	-1.71424
9	0.782818	-4.4104
0	-4.57791	1.86019
2	-2.02856	-0.462157
0	-4.96091	1.79693
3	-1.88668	3.35127
3	-1.8856	3.57623
7	3.562	-1.97874
6	-2.26213	-2.87808
9	0.571313	-4.57975
2	-1.91892	-0.272108
3	-1.69738	3.46548
3	-1.73023	3.42512
7	3.594	-2.20169
7	3.48448	-1.86386
0	-4.74734	1.63057
0	-4.74731	2.02089
7	3.44916	-1.2052
5	0.192559	1.03142
2	-1.70733	-0.350521
9	0.822973	-4.27017
8	0.911173	4.07328
7	3.61457	-2.01065
4	0.300013	-1.02339
4	0.382283	-1.06647
2	-1.73914	-0.302666
6	-2.49412	-3.16361
6	-2.65397	-3.28011
1	3.4349	1.09508
9	0.852258	-4.10923
6	-1.67657	-2.01841
8	0.805466	4.22797
2	-1.79104	-0.322015
9	0.779972	-4.02674
0	-4.7468	1.77973
8	1.44707	4.19649
3	-1.40714	2.91484
1	3.41384	1.29984
1	3.42019	1.15507
6	-2.53601	-3.39759
3	-1.90362	3.39149
5	0.220615	1.11957
1	3.41165	1.15862
1	3.38978	1.10328
1	3.49811	1.24108
3	-1.68465	3.36479
1	2.9026	1.2049
2	-2.10706	-0.138931
3	-1.7113	3.30948
0	-5.0235	1.78212
2	-1.90255	-0.404869
0	-4.36107	1.63071
1	3.45814	1.33558
3	-1.70385	3.258
5	0.297814	0.988601
5	0.578036	1.26474
7	3.76336	-2.4572
4	0.379374	-0.925255
8	1.62191	4.26824
9	0.837016	-4.18389
6	-2.4053	-2.86799
9	1.04413	-4.33468
6	-2.70114	-3.31035
8	1.17595	3.93944
3	-1.93463	3.59167
6	-2.31049	-2.70305
6	-2.42577	-3.27033
8	1.49171	3.80095
5	0.159044	1.12847
1	3.29983	1.0136
4	0.439956	-0.839612
2	-1.80731	-0.313794
4	0.445481	-0.998126
4	0.528528	-0.816445
5	0.156549	0.93292
1	3.3131	1.18767
1	3.3728	1.5369
9	0.898356	-4.45725
0	-4.76587	2.09697
2	-1.25461	-0.0647389
4	0.35619	-1.08926
9	0.699572	-4.48422
5	0.305702	1.05297
7	3.72521	-2.02532
1	3.31892	1.13985
8	1.47325	4.18955
8	-0.512324	2.13334
5	0.207436	1.08556
6	-2.48211	-1.99406
9	0.994433	-4.46515
8	1.35705	4.23625
7	3.96536	-2.25237
1	3.45361	1.04421
1	3.09093	0.856147
6	-2.54554	-3.22499
7	2.92669	-1.76727
6	-2.27146	-2.9097
3	-1.8742	3.56528
2	-1.82411	-0.408514
2	-1.88453	-0.297727
0	-4.82474	1.87205
8	1.52694	3.97923
9	1.26365	-4.42408
2	-1.72077	-0.366988
5	0.124934	1.09208
1	3.3979	1.17832
0	-4.72854	1.3732
8	1.19748	3.91981
1	2.67022	0.448457
9	0.611972	-0.869196
5	0.180365	1.08121
7	1.74853	-1.09863
9	0.946075	-4.33407
6	-2.64543	-3.28271
9	0.869777	-4.56819
0	-4.65149	1.81805
6	-2.5104	-3.46588
1	3.28423	0.659533
5	0.329792	1.12637
5	-0.441451	0.754066
8	1.76211	4.12766
3	-1.64734	3.55389
8	1.63841	4.39703
2	-1.69198	-0.200899
6	-2.44077	-2.98218
5	0.0980281	0.874005
0	-4.81735	1.54375
7	3.42137	-2.11487
4	0.479808	-0.67472
6	-2.57293	-3.45583
1	3.52247	1.13536
3	-1.61476	3.45453
4	0.724143	-1.36747
7	3.67384	-2.13582
3	-1.87752	3.89154
2	-1.79719	-0.380728
3	-1.89595	3.43296
4	0.486819	-1.10631
2	-1.85595	-0.363837
5	0.0920319	0.850943
2	-1.75405	-0.22247
7	3.43845	-1.73221
1	3.40483	0.990627
7	3.57139	-2.15305
2	-1.79152	-0.396714
6	-2.61115	-3.21459
4	0.188839	-1.25445
1	3.372	1.07126
5	-0.169375	2.26012
7	3.22866	-1.84733
8	1.42888	3.90947
6	-2.43038	-3.05333
0	-4.66969	1.68885
1	3.5874	1.10248
8	1.68645	4.03835
2	-2.09784	-0.420568
5	0.305151	1.16678
7	2.68665	-1.49374
7	3.6988	-2.14008
6	-2.41335	-2.96419
9	0.272101	-3.08956
3	-2.03048	3.71626
5	-0.00526236	0.881662
8	0.930306	3.48818
4	0.864824	-1.50952
2	-2.01209	-0.2976
4	0.481686	-1.05197
0	-5.0869	1.93376
8	1.40231	4.21207
8	1.50826	4.32295
3	-1.914	3.75088
4	0.51392	-1.10963
9	0.804735	-4.81475
2	-1.75596	-0.119489
7	3.50055	-2.2257
5	0.314663	0.921364
8	2.04495	4.44361
6	-2.87282	-2.90785
5	0.166127	1.00816
6	-2.37135	-2.96546
0	-4.49995	1.76714
8	1.75886	4.40178
6	-2.52797	-3.3858
7	3.32455	-2.24431
3	-2.28367	4.17931
6	-2.48496	-3.27647
4	0.430364	-1.12798
9	0.951525	-4.4324
4	0.398409	-0.934828
6	-2.17591	-3.39127
6	-1.6585	-1.59824
3	-1.75278	3.14948
2	-1.79171	-0.0620194
4	0.394878	-0.795624
1	3.32637	1.15743
0	-4.27587	1.51187
1	3.30885	1.08002
4	0.442279	-0.678097
6	-2.19946	-3.02031
2	-1.83368	-0.347511
9	0.959804	-3.86809
1	2.61451	0.796827
1	3.42103	1.14238
0	-4.85056	2.10187
6	-2.52041	-3.46224
3	-1.89886	3.38837
9	0.882993	-4.36921
5	0.0668837	1.14862
6	-2.75289	-3.48301
5	0.514288	1.03499
6	-2.48351	-3.30568
5	0.160346	1.08127
8	1.07376	3.94922
4	0.9049	-1.28526
6	-2.62698	-3.48312
4	0.460175	-1.04138
3	-1.7171	3.35192
9	0.536121	-3.81803
1	3.57386	1.21116
3	-1.75666	3.55024
4	0.339859	-0.916972
1	3.39113	1.16699
9	0.806419	-4.56111
1	3.38604	1.21813
7	2.81344	-2.17083
1	3.33684	1.31615
1	2.74059	0.248352
9	0.888301	-4.29271
3	-1.94007	3.69188
5	0.333388	1.25539
4	0.442185	-0.878908
0	-4.27317	1.91199
7	3.46339	-1.95311
3	-1.75415	2.95395
6	-2.50791	-3.24461
1	3.64957	1.27695
7	3.63663	-1.73565
5	0.487213	0.726292
5	0.188009	0.901316
3	-1.86245	3.60003
3	-1.77657	3.44115
0	-4.00388	1.53344
1	3.28851	0.959324
5	-1.12641	2.31908
7	3.73472	-2.09031
5	0.196483	0.777992
8	1.4345	3.86362
6	-2.48747	-3.49469
5	0.161926	0.793679
1	3.2846	1.11004
0	-4.73874	1.79094
4	0.312688	-0.170923
2	-1.44868	-0.109311
3	-1.9058	3.64343
4	0.444931	-0.929129
6	-2.64246	-3.59754
7	3.50543	-2.5827
9	0.902253	-4.53264
8	1.71419	4.42012
1	3.48207	1.01136
8	1.45731	3.97382
4	0.187752	-1.98583
9	0.919057	-4.57984
2	-1.94411	-0.428117
8	1.18856	3.88164
6	-2.20751	-3.38283
2	-1.73443	-0.417045
7	3.62581	-2.01004
0	-5.06085	2.22721
0	-5.02414	1.62341
6	-2.31403	-3.24392
7	3.0053	-1.86627
5	0.188006	1.08616
8	1.50417	3.99028
6	-2.69537	-3.66943
0	-4.94183	1.79801
9	0.858353	-4.36167
3	-1.70834	3.31887
7	2.84758	-0.646263
1	3.53045	1.11168
3	-1.75945	3.58619
5	-0.449047	0.963646
4	0.589071	-1.07651
3	-1.57083	3.35071
3	-1.80907	3.39011
5	0.15884	1.05345
5	0.217973	0.921537
6	-2.35656	-3.35353
3	-1.74281	3.32417
0	-4.59848	1.72357
2	-1.63235	-0.143043
3	-1.75551	3.30512
4	0.468085	-0.773186
2	-1.80393	-0.265621
3	-1.72524	3.35784
0	-4.71922	1.82176
9	0.704602	-4.54783
9	0.80528	-4.68831
4	0.667866	-0.297371
7	3.83884	-2.12062
2	-1.81287	-0.338438
8	0.815692	4.54087
4	0.465679	-1.15813
7	3.69705	-2.4056
0	-4.76921	1.76185
6	-2.68287	-3.47155
2	-2.6769	0.0298426
8	1.65651	4.67109
5	0.169708	0.928725
2	-1.8562	-0.304375
8	1.78293	4.21119
5	0.389039	1.18822
7	3.19778	-1.77009
3	-1.97943	3.42888
0	-4.22812	1.58798
8	0.94586	4.26528
2	-1.8542	-0.241101
3	-1.43397	2.77968
2	-1.62683	-0.087987
8	1.69043	4.05502
2	-1.93232	-0.215426
5	-0.175051	1.40727
5	0.264657	0.963361
7	4.02183	-2.10964
6	-2.65163	-3.66139
4	0.323868	-0.735223
6	-2.81206	0.302274
8	1.63052	4.33755
4	0.409243	-1.16714
8	1.57925	4.35693
2	-2.08694	-0.328971
7	3.58593	-2.47207
4	0.382741	-1.06322
5	0.107047	0.928429
2	-1.70795	-0.355837
0	-5.06072	1.87545
3	-1.73595	3.41859
9	0.714972	-1.4973
4	0.610702	-3.37205
6	-2.7426	-3.12159
7	3.61375	-2.00638
2	-1.97938	-0.410568
5	0.322191	1.22598
6	1.90834	1.56383
1	3.66442	1.47491
1	3.33593	1.08527
2	-2.10412	-0.415193
3	-1.74348	3.47507
6	-2.31051	-3.34224
7	3.45476	-1.96491
8	1.71786	4.42415
7	3.23536	-2.12021
6	-2.24332	-3.06857
4	0.148554	-1.21444
8	1.68618	4.09459
9	0.774064	-4.43845
4	0.589117	-1.2046
8	1.71462	4.23171
6	-2.48555	-3.35087
3	-1.67348	3.42181
8	1.74295	3.86312
3	-1.67753	3.19432
1	3.35462	1.04798
0	-4.9941	1.81562
6	-2.47249	-3.27919
2	-1.55822	-0.109902
2	-1.75496	-0.369289
5	0.378157	1.14288
6	-2.53961	-3.16533
9	0.913588	-3.9688
5	0.361517	1.2081
8	1.63284	4.30693
1	3.2826	1.14733
4	0.564578	-1.01014
1	3.48961	1.36763
7	3.6764	-2.30194
8	1.22729	3.91792
4	0.639508	-1.2423
6	-2.63331	-3.06861
1	3.38188	1.10584
8	1.52674	4.12531
4	0.398622	-1.16917
3	-1.85831	3.67423
1	3.06258	1.30321
2	-1.79797	-0.28865
8	1.40412	4.30958
0	-4.75192	1.80832
8	1.42477	4.18976
5	0.184201	0.913947
9	0.923729	-4.78283
1	1.08507	1.76764
4	0.427502	-0.897907
2	-1.52737	-0.309257
0	-3.84881	1.89575
2	-2.05735	0.152241
7	3.6037	-2.16173
0	-4.46839	2.35533
9	1.00232	-2.43688
0	-4.65965	1.6985
2	-1.73382	-0.407342
5	0.240831	0.972613
7	3.69013	-1.99429
6	-2.55215	-3.34516
7	1.88953	-0.352311
9	0.950018	-4.51294
4	0.274276	-1.11048
2	-2.00726	-0.476034
6	-2.43811	-3.31143
2	-1.94757	-0.737936
4	0.174528	-0.832675
4	0.469076	-0.863759
8	1.01437	4.15317
0	-5.0769	1.98478
4	0.387847	-1.11668
4	0.335853	-0.916148
5	0.299704	1.16684
8	1.64467	4.22756
0	-4.72613	1.67056
6	-2.44491	-3.19328
8	1.67927	4.12113
9	0.929931	-4.59709
8	1.63386	4.01188
5	0.276552	0.970165
6	-2.70855	-2.87168
9	0.864059	-4.32288
0	-4.7621	1.72439
4	0.515772	-1.06117
8	1.68276	4.42302
7	3.4776	-1.93391
1	2.98567	1.00769
3	-1.75449	3.61538
4	0.428146	-1.09515
5	0.349158	1.0032
8	0.967902	3.45791
0	-4.79183	1.83615
9	0.881102	-3.82748
1	3.50036	1.13107
3	-1.8457	3.53447
3	-1.8428	3.4109
6	-2.47745	-3.39481
9	0.852204	-4.47261
8	1.68531	5.0843
7	3.38707	-1.98688
1	3.51234	1.13956
0	-5.04169	1.62966
5	0.662126	1.61396
7	3.49478	-2.08947
1	3.49267	1.105
7	3.5555	-2.18107
5	0.30016	1.10468
2	-1.86348	-0.396528
7	3.63002	-2.18207
9	0.902398	-4.41384
1	3.40257	1.10244
8	1.54173	4.11836
5	0.183465	0.937373
2	-1.80107	-0.399179
4	0.308423	-0.946974
9	0.992498	-4.44947
4	0.484304	-1.22232
7	3.68048	-2.09139
2	-1.73937	-0.232107
2	-1.86544	-0.327862
3	-1.75538	3.46247
4	0.374804	-0.967641
9	0.835974	-4.40037
1	2.99911	0.980306
9	0.864531	-4.37306
2	-2.03401	-0.290403
1	3.39494	1.05045
7	3.37419	-2.05811
9	0.858768	-4.37013
4	0.412797	-0.833362
4	0.409147	-1.02497
1	1.00994	1.9964
6	-2.60202	-3.43358
7	2.82493	-2.82484
2	-1.87206	-0.280111
7	3.5494	-2.53303
8	1.4308	3.67917
8	0.498146	3.96217
1	3.40743	1.19114
9	1.02198	-4.62697
7	3.64047	-2.11675
1	3.21834	1.34994
1	3.25774	1.19084
7	3.64865	-2.27677
5	0.18596	0.891336
3	-1.39327	3.07168
3	-1.81663	3.45597
5	0.196941	0.843653
1	3.38193	1.15858
3	-2.0262	3.6782
7	3.49659	-2.10569
6	-2.46439	-3.51059
1	3.30759	1.06161
3	-1.5199	3.32222
8	1.98714	4.84473
7	3.71786	-2.24953
5	0.200985	0.855555
9	0.410385	-3.4482
9	-0.879229	-1.21946
0	-4.29939	1.71014
0	-4.91206	1.7297
2	-1.85961	-0.30192
8	1.70136	4.29745
8	1.51176	3.95724
2	-2.05739	-0.0441591
3	-1.95559	3.47346
7	3.60223	-2.11105
1	3.33309	1.09982
3	-1.69413	3.37303
0	-4.99342	1.90586
3	-2.00062	3.75928
4	0.253877	-1.14382
4	0.49719	-1.10271
3	-1.33237	3.15398
8	1.54612	3.93661
9	0.773249	-4.62926
2	-1.68527	-0.287748
3	-1.7472	3.32751
9	0.794931	-4.82591
7	2.76218	-1.94303
1	3.33719	1.25888
1	3.29533	1.03628
7	3.58812	-2.25885
0	-4.29485	1.53745
4	0.852366	-1.07718
9	1.02209	-4.26387
6	-2.40663	-3.10303
5	0.141223	0.89348
9	0.825529	-4.5523
1	3.3179	1.22541
7	3.66475	-1.28818
0	-3.56237	1.28708
2	-1.89251	-0.189063
0	-4.8069	1.79211
0	-3.07169	0.848877
4	0.328782	-1.0567
6	-2.48691	-3.34858
7	3.51556	-2.067
0	-4.51993	1.54341
7	3.02193	-1.73473
1	3.30637	1.06675
4	0.465935	-1.00608
6	-2.59582	-2.89503
4	0.705286	-1.10607
5	0.370992	1.21852
4	0.385055	-1.06234
9	0.984555	-4.48419
9	0.937848	-5.0208
1	3.57811	0.617761
7	3.71874	-2.05567
9	0.818106	-4.27203
5	0.169313	1.0247
3	-1.91747	3.47547
3	-1.96654	3.96922
8	1.53244	4.05248
2	-1.89285	-0.405088
3	-1.80429	3.44685
6	-2.55626	-3.48336
2	-1.73147	-0.171524
2	-1.78481	-0.377673
1	3.40379	1.25691
1	3.3226	1.09362
1	3.36747	1.10542
1	3.25644	1.25987
1	3.46003	1.11742
6	-2.33539	-3.15495
9	0.798923	-4.33449
8	1.69348	4.13869
4	1.02162	-1.11337
3	-1.70535	3.59646
7	3.63091	-1.87137
1	3.34669	1.41887
6	-2.55879	-3.26129
4	0.291221	-1.0373
5	-0.492893	1.28118
0	-5.22124	1.87222
4	0.374645	-1.26466
7	3.36129	-2.06643
4	0.40651	-0.876978
2	-1.91868	-0.422195
4	0.509254	-1.09986
0	-4.94334	1.69497
7	3.46426	-2.05937
0	-4.80245	2.08361
1	3.34705	1.07555
9	0.492625	-3.6849
8	1.48053	4.09211
8	1.36621	3.80297
6	-2.3355	-3.24665
0	-4.90137	1.92234
0	-4.94185	1.9215
4	0.934228	-1.10334
9	1.37328	-2.51691
6	-2.45595	-3.17619
8	1.59843	4.05793
2	-1.89047	-0.272483
2	-1.75886	-0.231508
3	-1.90765	3.50115
8	1.09829	3.8622
4	0.520399	-0.857381
8	1.2576	4.10223
2	-1.90341	-0.376733
2	-1.89113	-0.303893
1	3.55461	1.37834
7	3.42104	-1.93046
5	-0.0598555	1.1244
4	0.331048	-1.07234
4	0.417552	-0.986984
0	-4.53771	2.18036
4	0.703222	-0.855991
3	-1.63215	2.82902
9	0.721831	-3.73068
7	3.37077	-1.93578
3	-1.52024	3.22264
1	3.33673	0.933593
0	-4.95878	1.74717
1	3.33753	1.11797
2	-1.67699	-0.216668
5	0.269986	0.898663
9	0.541768	-2.55757
2	-1.67133	-0.0415621
1	3.54447	1.1686
0	-4.78302	1.42689
1	3.41974	1.06321
8	1.30533	4.02578
9	0.736392	-4.71008
1	3.43787	1.10154
6	-1.28265	-2.10605
8	1.6655	4.32286
3	-1.6038	3.31035
8	1.43184	4.4779
9	0.629592	-4.12505
3	-1.80698	3.36285
6	-2.31188	-3.02881
2	-1.89807	-0.525151
8	1.28344	3.64017
3	-1.52027	3.25364
2	-1.83422	-0.290267
2	-1.46013	-0.858169
1	3.51356	0.91966
0	-5.16927	1.62304
4	0.295273	-0.89352
2	-1.41317	-0.15715
9	0.815895	-4.06362
2	-1.84363	-0.324313
4	0.510667	-1.02397
3	-1.83739	3.50624
7	3.60501	-2.17834
9	0.811129	-4.36963
1	3.32211	0.998008
5	0.293713	1.13381
2	-1.86093	-0.31148
4	0.514945	-2.56921
9	0.821136	-4.60097
0	-5.13305	1.61364
3	-1.97126	3.78011
8	1.72173	4.0723
5	0.242943	1.0299
3	-1.81873	3.46459
6	-1.78474	-1.10624
0	-4.50646	1.23594
9	0.910937	-4.42862
4	0.395849	-0.835512
6	-2.5404	-3.32606
2	-1.29322	0.429911
5	0.153539	0.942499
0	-4.6644	1.70538
2	-2.76867	0.774092
7	3.60042	-1.93648
4	0.442232	-0.99212
6	-2.45067	-3.16728
6	-2.43487	-3.12405
8	1.61034	4.0913
6	-2.44699	-3.28991
6	-2.20287	-3.28953
8	1.64288	4.31756
6	-2.63248	-3.18636
9	0.88597	-4.43027
1	3.54879	1.33906
7	3.6972	-2.17664
2	-1.92015	-0.39321
5	0.143493	0.839437
9	0.906312	-4.47897
9	0.592927	-4.56314
0	-4.72219	1.73914
7	2.75743	-1.57765
2	-1.8894	-0.357713
7	3.57196	-2.14419
6	-2.47404	-3.31439
7	3.70839	-2.15538
0	-4.90609	1.74047
6	-2.59683	-3.27251
5	0.358379	1.22164
2	-0.589549	0.175099
4	0.614407	-1.18047
7	3.62662	-2.19637
2	-2.11132	-0.368522
0	-4.79193	1.84116
9	0.922048	-4.45375
9	0.80533	-4.39827
2	-1.83208	-0.286804
2	-1.83872	0.172537
9	0.967414	-4.71423
4	0.37354	-0.967839
4	0.463824	-1.14736
2	-1.72213	-0.400369
3	-1.74026	3.34559
3	-1.58734	3.41135
2	-1.86765	-0.367268
1	3.36872	1.18263
7	3.6924	-2.04895
0	-5.02753	2.04421
7	3.3685	-2.08022
6	-2.45261	-2.90966
4	0.44714	-0.939563
1	3.34172	1.25562
3	-1.84876	3.16609
8	1.51995	3.74356
7	2.96786	-1.98074
4	0.551441	-1.21578
5	0.272177	0.920476
9	0.590688	-4.41152
2	-1.64866	0.018705
5	0.220907	1.03422
1	3.32824	1.31671
8	1.39923	4.01663
7	3.22554	-1.9893
3	-1.8793	3.60508
7	2.94262	-1.51043
1	3.39916	1.2669
5	0.00144679	1.11369
5	0.229974	1.01422
0	-5.03078	1.92032
9	1.06432	-4.3661
1	3.29138	1.12136
4	0.392835	-1.01512
0	-4.91136	1.75633
6	-2.29579	-2.71783
3	-1.48849	3.14067
3	-1.31974	2.77272
6	-2.35126	-3.71631
0	-4.85764	1.93061
4	0.488829	-1.01848
9	0.796532	-4.43589
7	3.39374	-2.01817
5	0.161949	1.01321
1	3.3258	1.13911
6	-2.56495	-3.34409
8	1.86806	4.07162
9	0.795055	-4.46701
5	0.295316	0.986563
5	0.291336	1.1258
7	3.45716	-1.76435
9	0.851822	-4.44672
3	-1.71317	3.44093
8	1.53111	3.95203
3	-1.64908	3.24302
8	1.62498	3.97384
1	3.22482	1.32822
5	0.244635	1.00886
3	-1.60277	3.2964
5	0.326919	0.93572
0	-4.77564	1.80646
5	0.246643	0.954764
5	-0.138098	1.08272
3	-1.56682	3.49189
8	1.70672	4.24072
6	-2.50165	-3.3959
7	3.40893	-2.03963
7	3.65573	-2.26759
7	3.42431	-1.9807
3	-1.92861	3.46098
7	3.5923	-2.01943
0	-4.97227	1.56007
5	0.286248	1.00134
9	0.991977	-4.46258
0	-5.0463	2.00627
2	-2.01942	-0.434545
5	0.134689	1.45336
5	0.181256	1.29005
3	-1.86093	3.32179
1	3.3079	1.24699
7	3.94918	-2.10868
7	3.12986	-1.89028
8	1.70369	4.08034
6	-2.64448	-3.19637
5	0.378642	1.27972
9	1.12498	-1.6813
3	-1.86783	3.45783
8	1.85727	4.18431
9	0.82259	-4.39741
5	0.163041	1.02012
3	-1.80903	3.49134
7	3.6766	-2.03464
9	0.996551	-4.39681
1	3.33403	1.14977
7	3.64639	-2.13177
0	-4.63955	1.72337
0	-4.58058	2.01795
3	-1.83218	3.38856
7	3.49977	-1.95445
2	-1.55956	-0.273913
5	-1.26913	3.03893
8	1.15541	3.74046
1	3.48904	1.03025
8	1.46274	4.28813
6	-2.39276	-3.1103
2	-1.90637	-0.370633
9	0.823542	-4.40858
5	0.0430908	0.870039
7	3.5123	-1.99731
5	0.254204	1.023
7	1.45975	-1.42487
8	1.36062	3.98831
6	-2.50528	-3.03487
2	-1.57079	0.0529907
5	-0.243194	1.66016
1	3.22491	1.17465
4	0.354399	-1.02833
8	1.51956	4.02244
4	0.441462	-0.99544
5	0.144265	0.911964
8	1.53848	4.05402
3	-1.37408	2.91507
0	-4.75914	1.69191
6	-2.45193	-2.91847
2	-1.93561	-0.439499
7	3.42637	-1.89444
3	-1.40497	3.12884
3	-1.90884	3.60447
2	-2.01446	-0.241721
1	3.39434	1.04979
0	-4.84219	1.82759
7	3.88046	-2.37199
3	-2.0897	3.55159
4	0.285211	-1.18083
0	-4.71209	1.78865
3	-1.84088	3.37709
9	0.843748	-4.47235
3	-1.78093	3.37021
2	-1.83494	-0.195251
8	1.73355	4.52106
9	0.883359	-4.13881
0	-5.03788	2.12559
3	-1.99235	3.75122
8	1.46205	3.79912
0	-4.62106	1.89615
7	3.60842	-1.93183
6	-2.25462	-3.12506
5	0.276405	0.961783
4	0.363978	-0.882125
7	3.65891	-2.29149
3	-1.69516	3.39219
9	0.0213216	-2.642
0	-4.91128	2.20773
8	1.39323	3.56473
6	-2.51274	-3.40107
2	-1.93281	-0.403666
5	0.24363	1.11217
6	1.33852	0.265158
1	3.39326	1.08826
0	-4.58567	2.03978
0	-5.00994	1.74659
4	0.348207	-1.13179
4	0.597136	-0.131541
0	-4.91515	1.6654
1	3.56618	1.15352
2	-1.94283	-0.512437
3	-1.92078	3.72523
2	-1.58954	-0.451704
7	3.51266	-2.07929
7	3.77498	-2.20544
8	1.50855	3.94236
5	0.224992	1.15946
2	-1.9067	-0.385698
5	0.301304	1.1195
7	2.84141	-2.08728
6	-2.30648	-2.99306
9	0.983623	-4.25335
1	3.49731	1.07778
4	0.541168	-1.02387
1	3.40943	1.27404
6	-2.5784	-3.2807
4	0.544725	-1.42374
2	-1.79871	-0.352679
4	0.507652	-1.0264
3	-1.76246	3.34905
5	0.245657	1.06787
4	0.573852	-0.911737
3	-2.02846	3.61487
9	0.792937	-4.44734
5	0.855486	1.96382
0	-4.93414	1.77156
1	3.30022	1.04902
5	0.0557153	1.10051
3	-2.05749	3.71441
8	1.38725	3.67288
9	0.957708	-4.48188
1	3.37519	1.05129
9	0.757134	-4.28095
7	1.91912	-0.743421
9	0.782122	-4.68791
5	0.311943	1.22007
5	0.459839	1.26859
2	-1.62273	-0.48066
7	2.83551	-1.51643
4	0.426992	-1.03644
6	-2.50048	-3.69093
0	-4.56978	2.65347
1	3.40191	1.02079
1	3.57431	1.36299
1	3.4394	1.1279
0	-4.75541	1.85611
4	0.462364	-0.604186
4	0.441871	-0.896719
7	3.32015	-1.99108
6	-2.30687	-3.19396
3	-1.81456	3.33835
0	-3.29115	2.15713
0	-4.82761	1.76045
4	0.724417	-1.14043
3	-1.92085	3.61225
0	-4.89145	1.74156
6	-2.57544	-3.22679
1	3.48184	1.09115
9	0.687878	-3.11229
6	-2.12747	-2.24759
1	3.50632	1.0558
3	-1.80527	3.51068
8	1.34541	3.7899
1	3.37995	1.17751
2	-1.87169	-0.351699
5	0.259541	1.02637
6	-2.64541	-3.71587
2	-1.6682	-0.417162
7	3.81795	-2.08594
3	-1.7938	3.67633
6	-2.61444	-3.33017
0	-4.76184	1.74872
1	3.62913	0.984866
9	0.749854	-4.10149
7	4.00435	-2.33921
6	-2.36924	-3.11659
6	-2.42017	-3.2345
8	1.65901	4.52633
9	0.783538	-4.75454
2	-1.79161	-0.464182
9	0.648661	-2.67683
5	0.265521	1.10228
8	1.83283	4.13028
3	-1.76907	3.52792
1	3.38445	1.01685
0	-4.76861	1.87525
0	-5.15508	1.87212
7	3.37875	-2.10444
6	-2.41265	-3.12557
6	-2.65076	-3.26184
2	-1.82413	-0.508173
1	3.4951	1.25173
6	-3.4217	-2.49892
9	0.867986	-4.45767
3	-1.57984	3.43148
1	3.31092	1.08387
8	1.17236	4.01067
6	-2.51369	-3.25954
9	0.745019	-3.82909
0	-4.77033	1.70472
6	-2.84017	-3.38316
0	-4.76295	1.63417
0	-4.81155	1.80974
0	-4.74735	1.76478
6	-2.30635	-3.09232
3	-1.76561	3.51013
5	0.219272	0.960342
9	1.06491	-3.63811
3	-1.35272	3.78186
4	0.711808	-2.03229
5	0.215359	1.39072
5	0.192846	1.06737
8	1.89522	4.41152
5	0.137148	0.994034
3	-1.77902	3.36472
0	-4.58937	1.81428
4	0.0588544	-0.990125
0	-4.91043	1.82091
2	-2.13731	-0.157617
9	0.754665	-4.2699
6	-2.6943	-3.12416
8	1.33413	4.16119
2	-2.09106	-0.516868
3	-1.80255	3.48496
1	3.32913	1.10675
2	-1.77016	-0.314173
1	3.56803	1.17146
1	3.45405	1.10134
5	0.230112	0.99845
6	-2.45272	-3.46983
9	0.872404	-4.33899
8	1.49063	4.09261
0	-5.29572	1.75594
6	-2.67362	-3.453
6	-2.55477	-3.43597
5	0.155027	1.02665
5	0.236545	0.94238
3	-1.79466	3.54007
8	1.44575	3.9574
6	-2.53193	-3.45191
2	-2.04823	-0.295129
1	3.20336	1.0587
4	0.340288	-1.0997
5	0.303431	1.07487
4	0.365586	-0.965957
3	-1.77032	3.25994
7	3.71523	-1.79133
8	1.77335	4.21911
5	-0.388462	1.89252
0	-4.96915	2.13927
9	1.03967	-4.68899
3	-1.84375	3.59974
5	0.417155	1.17964
1	3.24382	1.29486
1	3.54972	1.14784
0	-4.71723	1.88543
4	0.355636	-1.13093
4	0.40262	-1.17934
7	3.2572	-1.87618
0	-4.7084	1.77299
1	3.29771	0.898941
7	3.00287	-1.66812
0	-4.88129	1.96727
1	3.66459	1.33976
6	-2.48293	-3.4819
1	3.32958	1.25747
4	0.519249	-0.934506
5	0.214861	1.06929
6	-2.63579	-2.96398
6	-2.5351	-3.4885
5	0.254384	0.933979
7	3.44807	-1.79729
8	1.7775	4.43407
4	0.89021	-1.10351
4	0.402617	-1.50568
7	3.49635	-2.20744
2	-1.75921	-0.414835
5	0.153596	0.981907
3	-1.61846	3.34182
7	3.55414	-2.22759
0	-4.67331	1.96489
7	3.66608	-2.22587
7	3.32847	-2.03088
9	0.774244	-4.13705
6	-2.36792	-3.06291
4	0.639193	-0.797192
2	-1.73208	-0.244079
8	1.49001	4.14591
5	-0.243933	1.54658
7	3.18037	-2.39939
8	0.973167	3.7778
3	-1.66113	3.34233
9	0.97025	-4.22382
5	0.355834	1.23011
8	1.55623	3.91846
9	0.73992	-4.67589
9	0.824828	-4.18618
8	1.65165	4.38676
6	-1.6989	-2.2118
2	-1.79294	-0.310891
8	1.45694	4.26846
9	1.11031	-3.80766
2	-2.22252	-0.476537
3	-1.88578	3.52527
6	-2.35643	-3.27559
1	3.28285	1.19839
1	3.39333	1.1171
8	1.2154	3.92205
9	0.686986	-4.34165
3	-1.83602	3.44711
4	0.353867	-0.814937
0	-4.72154	1.98672
7	3.55513	-2.26999
9	0.868457	-4.5391
6	-2.67114	-3.51251
4	0.382791	-1.06526
1	3.39334	0.976979
4	0.421396	-1.04136
1	3.46927	1.05672
3	-1.82958	3.49341
4	0.718963	-1.1927
9	0.77956	-4.57007
3	-1.87362	3.30268
1	3.32835	0.926697
4	0.226044	-1.09577
7	3.71176	-2.12768
7	3.49345	-2.18396
4	0.476845	-1.06463
7	3.56277	-2.08595
2	-1.68803	-0.456916
9	0.827848	-4.6553
3	-1.52628	3.24577
0	-4.76215	2.05497
8	1.52011	3.92794
8	-1.14077	2.67
8	1.71989	4.23756
4	0.40506	-1.11393
0	-4.90281	1.88521
4	0.581697	-1.11136
4	0.377734	-1.42289
1	3.67241	1.31261
5	0.174166	0.985198
2	-1.88992	-0.310918
8	1.47286	4.32642
3	-1.77988	3.4624
4	0.354562	-1.28349
9	0.714902	-4.42352
5	0.270875	1.06445
2	-1.86459	-0.353959
8	1.39473	3.95031
1	3.3336	1.2729
5	0.240566	1.12068
3	-1.92078	3.87131
7	2.31005	-0.705276
9	0.868746	-4.48922
4	0.418895	-1.0881
2	-1.74194	-0.0279339
5	0.423366	1.18179
6	-2.3545	-3.02771
3	-1.73482	3.6125
5	0.245104	0.870137
9	0.86049	-4.34028
3	-1.57086	3.44207
5	0.375117	0.952477
9	0.698677	-4.25036
3	-1.80166	1.87806
1	3.3192	1.14468
9	0.501042	-3.75079
5	0.387381	1.3898
3	-1.64455	3.55672
0	-4.77022	1.60745
6	-2.41741	-3.19154
9	0.690669	-4.63089
8	1.67284	4.06487
4	0.186048	-0.933644
0	-5.08045	1.70636
4	-0.144189	-1.57768
9	0.242697	-0.944486
2	-1.55777	0.17992
9	0.8717	-4.74087
0	-4.69553	1.76748
1	3.1666	1.1269
0	-4.63615	1.67111
3	-1.93437	3.9097
1	3.39027	0.944882
6	-2.55348	-3.22463
5	0.197045	0.924708
8	1.58461	4.18695
1	3.48711	1.12285
5	0.117402	0.958892
3	-1.68653	3.27105
3	-1.18016	2.8432
0	-5.06782	1.99906
3	-1.9409	3.72728
5	0.0398768	1.15217
5	0.16212	1.48735
9	0.722891	-4.5614
2	-2.08165	0.159307
8	1.43227	4.48673
7	3.03167	-2.33264
0	-4.6717	1.71103
4	0.413226	-1.18818
9	0.836908	-4.60872
1	3.37816	1.19626
9	0.744828	-4.25211
7	3.3317	-1.96134
7	3.40322	-2.00951
5	0.263073	1.23855
5	-0.294023	1.84031
2	-1.72472	-0.131078
0	-4.9497	1.71171
9	0.75677	-4.36413
1	3.35732	1.00988
8	1.55968	4.75294
6	-2.49912	-3.50782
2	-1.8827	-0.279105
3	-1.7384	3.59408
9	0.663847	-4.09318
6	-2.57489	-3.23701
2	-2.2034	-0.327931
1	3.46561	1.06488
9	0.993222	-4.35706
1	3.38676	1.50376
3	-1.81695	3.60385
5	0.111861	1.17992
5	0.316905	1.05307
0	-4.91947	1.78959
3	-1.80026	3.6413
8	1.96394	4.72871
3	-1.76647	3.49711
3	-2.20054	3.6714
7	3.58289	-1.72709
6	-2.52067	-3.24992
6	-1.05638	-0.680416
0	-4.5828	1.82046
1	3.38444	1.23594
4	0.316783	-0.834695
0	-4.90009	1.85215
6	-2.63487	-3.39031
9	0.669627	-4.00289
8	1.49309	3.87645
1	3.40434	1.25259
2	-1.83739	-0.143658
9	1.25141	-1.98316
9	0.836905	-4.83734
5	0.325187	1.15803
9	0.904778	-4.34554
7	3.52346	-2.36728
3	-1.96088	3.28069
7	3.99971	-2.34887
8	1.50278	4.01495
0	-4.84559	1.88939
1	3.43154	1.20372
3	-1.99243	3.54144
0	-4.56983	2.43545
4	0.42047	-0.946097
6	-2.5188	-3.36335
1	3.43319	1.07279
0	-4.68194	1.53255
2	-2.0079	-0.312446
5	0.366235	1.05169
8	1.14983	2.90185
4	0.516329	-1.01348
4	0.383557	-1.02531
1	3.55779	0.924054
1	3.4659	1.05217
5	0.19714	0.991288
4	0.484336	-0.977955
6	-3.65652	-1.27438
6	-2.39137	-3.28001
0	-4.97767	1.89849
6	-2.56915	-3.63646
9	0.931475	-4.41637
2	-1.90135	-0.319772
6	-2.38942	-3.35526
2	-2.06794	-0.485923
7	3.55594	-1.89913
1	3.25135	1.12908
7	3.39521	-2.32873
9	0.772014	-4.49586
4	0.37055	-1.26781
0	-4.78832	1.81693
0	-4.94429	1.89509
3	-1.69313	3.52639
8	1.60877	4.04464
2	-1.97845	-0.448112
2	-1.83557	-0.348436
3	-1.83766	3.55873
1	3.21797	1.16178
6	-2.45317	-2.92484
0	-4.76784	1.65175
5	0.194717	1.01944
7	3.71333	-2.05285
7	3.79286	-2.05918
9	0.738254	-4.44337
2	-2.01333	-0.428712
6	-2.61167	-3.21012
7	3.28785	-1.65641
9	1.55696	-1.96425
7	4.19016	-2.58013
8	-0.322505	2.37093
6	-2.48377	-3.25087
8	1.23463	3.92249
8	0.915262	4.27453
4	0.497545	-0.855046
6	-2.41507	-3.20869
8	1.5945	4.11854
4	0.657849	-1.34763
1	3.33782	1.21548
2	-1.95725	-0.450974
8	1.72817	4.10551
1	0.641259	0.631637
3	-1.71856	3.33045
9	0.853067	-4.49048
4	0.283066	-1.09069
0	-4.62303	1.85194
3	-1.87649	3.24376
7	3.66657	-2.17391
3	-1.88479	3.51572
2	-1.8529	-0.440768
3	-1.68649	3.54499
3	-1.8277	3.67242
7	3.53855	-2.05218
3	-1.77376	3.49558
4	0.377445	-0.962084
0	-4.52443	1.58283
6	-2.44726	-2.89936
2	-1.88152	-0.394092
0	-4.66409	1.80167
8	1.58503	3.93676
1	3.45298	1.10287
5	0.242168	1.00579
3	-1.59089	3.32521
5	0.368936	0.990192
4	0.516467	-1.05944
1	3.35385	1.06174
7	3.53607	-2.07741
1	3.55582	1.01124
5	0.0126686	1.31889
7	3.491	-2.40997
5	-0.128875	1.07629
7	3.13774	-1.88851
3	-1.73229	3.46821
2	-1.78104	-0.312828
2	-2.17099	-0.510338
7	3.70479	-2.41654
3	-1.23694	2.36892
7	3.28202	-1.35571
3	-2.1405	4.01918
7	3.46484	-2.41973
8	1.04668	4.07639
5	0.312578	1.14634
4	0.190399	-1.05311
5	0.0799525	1.11507
2	-1.8696	-0.411193
5	0.223357	1.24996
6	-2.57061	-3.22494
5	0.234325	1.01977
3	-1.69644	3.60586
6	-2.44048	-2.9456
7	3.32699	-1.75134
4	0.451752	-1.05182
1	3.49896	1.59964
7	3.54577	-2.30828
1	3.2091	1.16385
5	0.247925	1.00867
2	-2.0	-0.425996
3	-1.72099	3.0164
6	-2.74333	-2.84522
3	-1.93058	3.67988
1	3.1025	1.87491
4	0.574747	-0.856789
2	-2.06576	-0.324881
6	-2.36612	-3.05326
7	3.5991	-1.91306
4	0.330564	-1.24611
3	-1.78161	3.6054
8	1.62955	3.68191
0	-4.84244	1.72293
6	-2.65522	-3.28075
2	-1.95398	-0.449808
1	3.37423	1.05205
6	-2.55678	-3.3866
5	0.263319	1.17895
3	-1.44222	3.17364
9	1.09857	-4.85586
1	3.4145	1.14407
9	0.825652	-4.32007
3	-1.95941	3.60788
2	-2.11254	-0.414039
1	3.3676	1.14352
8	1.50535	4.30633
4	0.1959	-0.976168
4	0.406763	-1.08887
6	-2.48458	-3.28026
5	-0.153783	1.20092
8	1.32792	4.03011
6	-2.4874	-3.34019
9	0.703965	-4.47257
7	3.65039	-2.24901
7	3.53589	-2.10793
8	1.28936	3.97261
6	-1.9247	-2.32528
9	0.923294	-4.43358
7	2.87309	-1.80483
3	-1.78462	3.42918
9	0.753411	-4.42831
4	0.38437	-0.974778
0	-4.95824	1.69529
5	0.21691	1.06756
4	0.636084	-0.903814
6	-2.74794	-3.25224
4	0.376284	-1.01384
1	3.53154	1.28333
2	-2.20387	-0.159616
3	-1.72533	3.49713
0	-5.03454	1.93812
0	-4.71303	1.85975
2	-1.75975	-0.395185
6	-2.89376	-3.35393
6	-2.72955	-3.41952
5	0.122831	1.15025
7	3.32394	-1.66953
0	-4.67124	1.54041
8	1.68848	4.68599
6	-2.51605	-3.38853
4	0.312461	-0.942158
7	2.86258	-1.48312
9	0.951819	-4.44343
0	-4.52075	1.46364
7	3.57388	-2.058
3	-1.70957	3.54628
4	0.288799	-1.13652
2	-1.9807	-0.374527
1	3.36813	1.27692
8	1.49649	3.99542
8	1.62969	4.31023
5	0.18766	1.08079
9	0.706182	-4.1381
2	-1.89794	-0.439611
7	3.89397	-2.07325
1	3.38267	1.26248
8	1.79778	4.50877
8	1.70542	4.41597
8	0.657013	4.22454
2	-1.9132	-0.412533
7	3.48835	-1.92713
6	-2.44875	-3.308
0	-4.77146	2.00428
1	3.20714	1.22572
2	-1.77438	-0.402649
7	3.51177	-1.78665
1	3.50942	1.03867
0	-4.77081	1.71529
8	1.15402	4.34292
3	-1.75628	3.37927
6	-2.03222	-2.8996
0	-4.77489	1.93245
5	0.228988	0.96896
3	-1.93789	3.75359
6	-2.60314	-3.48244
2	-1.86154	-0.41097
8	1.60121	4.16398
7	1.8689	-2.91771
0	-4.5987	1.77573
1	3.41492	1.10243
4	0.602734	-1.17468
2	-1.93296	-0.317498
1	3.41065	1.12395
1	3.34004	1.19007
4	0.410043	-1.26989
4	0.390116	-1.02731
4	0.329729	-1.03748
4	0.458144	-0.906053
7	2.90398	-0.778474
1	3.43031	1.11491
6	-2.37996	-3.14019
2	-1.13478	0.0177246
9	0.611333	-4.88807
9	0.912275	-4.53103
0	-4.84249	1.66532
0	-4.68201	1.69267
1	3.52071	1.1938
8	1.64296	4.4099
8	1.47954	4.25906
4	0.406756	-0.988024
3	-1.80284	3.47261
4	0.450836	-1.08977
2	-1.12976	-0.285329
0	-4.73084	1.73117
6	-2.17703	-2.87074
1	3.4112	1.1531
6	-2.58493	-2.18412
1	3.38367	1.29483
2	-1.94511	-0.24975
2	-1.8606	-0.302778
2	-1.93469	-0.435897
1	3.26403	1.11458
2	-1.7992	-0.505053
3	-1.8792	3.95356
7	3.83622	-1.81204
8	1.85775	4.26375
1	3.2474	1.09591
0	-4.9274	1.78656
0	-4.46896	0.416909
2	-1.59853	-0.170756
1	3.30861	1.08
6	-2.49317	-2.71296
6	-2.59957	-3.42583
0	-4.84087	1.90728
1	3.37604	1.22807
6	-2.73935	-3.45382
2	-1.77527	-0.291829
5	0.165711	0.740618
1	3.3604	1.19647
7	3.98626	-2.1106
4	0.284028	-1.03663
8	1.66784	4.03513
2	-1.89871	-0.656198
1	3.36165	1.17702
4	0.466153	-1.06172
3	-1.6572	3.47808
8	1.22334	4.26298
3	-1.80545	3.97095
9	0.899717	-4.27342
9	0.844468	-4.48662
4	0.477988	-1.32829
8	1.05349	3.0216
3	-1.68397	3.55367
4	0.309308	-1.00936
7	3.64241	-1.80991
2	-1.83256	-0.429597
7	3.91408	-2.05813
5	0.366916	1.06731
7	3.62296	-2.3502
0	-4.94918	1.78634
4	0.400535	-0.779684
3	-1.64571	3.50004
3	-1.80189	3.30894
2	-1.92943	-0.398149
6	-2.47287	-3.31417
7	3.81642	-1.97976
6	-2.54136	-3.32992
0	-4.80588	1.57746
0	-4.67341	1.75833
6	-2.53591	-3.3942
7	3.55236	-2.26517
7	3.48524	-2.2068
0	-4.87118	1.68547
5	0.329646	1.17579
5	0.21212	0.881564
8	1.68427	4.10136
1	3.43049	1.20821
0	-4.67356	1.59053
7	3.00222	-1.41856
0	-5.1528	2.11168
2	-1.67324	-0.264762
8	1.68331	4.39594
1	3.39455	1.27281
5	0.298	1.34775
0	-5.02499	1.77993
8	1.67344	4.00809
8	1.86366	4.41136
0	-4.74173	1.75591
3	-1.64817	3.37726
2	-1.84585	-0.375018
7	2.47587	-1.25406
7	3.14375	-1.8775
2	-1.5976	0.630863
6	-2.41366	-3.17406
4	0.331813	-1.0026
7	3.78174	-2.67798
5	0.104997	1.17544
5	0.22502	1.06659
5	0.30623	0.140178
2	-0.718176	-0.698958
9	0.769707	-4.45149
2	-1.99804	-0.444177
8	1.76822	4.23847
4	0.468479	-0.867528
6	-2.23285	-3.1737
8	0.882912	3.16128
6	-2.8245	-2.80942
5	0.174631	1.0216
0	-4.86837	1.90233
0	-4.98204	1.75211
8	1.58704	4.26964
7	3.82684	-2.08363
6	-2.39395	-3.20173
1	3.27077	0.888802
7	3.43509	-1.93899
1	3.32231	1.14694
1	3.38288	1.23632
2	-1.96041	-0.46432
7	3.361	-2.01266
4	0.336909	-0.979536
0	-4.61167	2.03869
0	-4.87117	1.96497
7	3.72684	-2.12013
7	2.68291	-1.42306
6	-2.48122	-3.37432
3	-2.11938	3.74328
8	1.65076	4.24692
6	-1.98381	-1.82564
4	0.373909	-1.10858
2	-1.86378	-0.319338
0	-5.13175	1.94928
9	1.6748	-1.97078
4	0.28365	-0.953454
0	-4.73734	1.65278
5	0.2537	0.970323
7	3.27958	-2.32803
8	1.45795	3.87203
2	-2.02027	-0.231059
7	3.2045	-1.40415
4	0.501232	-1.26102
7	3.67493	-2.06653
1	3.36338	1.13935
1	3.33101	1.13596
3	-1.97388	3.48328
6	-2.36048	-3.20926
6	-2.12259	-3.41761
2	-2.25025	-0.122188
9	0.721844	-4.52081
1	3.38574	1.14398
9	0.942385	-4.55333
4	0.392987	-1.04349
8	1.6803	4.15121
3	-1.79985	3.44774
6	-2.40221	-3.17097
9	0.962284	-4.48767
5	0.296005	1.06491
9	0.353669	-3.63195
6	-2.32502	-3.08046
2	-1.76375	-0.223068
4	0.413165	-0.96301
6	-2.62192	-3.19593
7	3.45612	-2.01034
7	3.56955	-2.31267
0	-4.73701	1.96015
6	-2.55529	-2.91787
6	-2.45252	-3.08286
9	0.922769	-5.00177
4	0.44405	-1.15262
8	1.52813	4.02484
3	-1.72681	3.46172
5	0.0331006	1.01249
3	-1.75754	3.43319
4	0.413097	-0.991243
9	0.870889	-4.53082
0	-4.76324	1.24744
0	-4.89182	1.79262
5	0.294271	1.08309
2	-1.71876	-0.360739
5	0.253858	1.28448
0	-5.07988	1.77104
7	3.69002	-2.23687
1	3.38581	1.11998
1	3.43534	1.08957
1	3.39249	1.20589
6	-4.5811	0.986333
7	3.57699	-2.28986
6	-2.38975	-3.25257
7	2.97242	-1.85123
9	0.917936	-4.69453
6	-2.24103	-3.87526
6	-2.63	-3.39721
4	0.549998	-1.04258
1	3.26584	1.22802
4	0.424043	-0.982476
3	-2.15137	3.95751
1	3.43998	1.16998
1	3.44374	1.11063
2	-1.68194	-0.371359
2	-2.1796	-0.44161
4	0.246055	-1.09044
1	3.28333	1.10237
0	-4.80349	1.79036
8	1.39151	3.60472
7	2.06373	-1.24956
6	-2.64113	-3.41828
3	-1.76127	3.4921
4	0.348737	-1.00646
0	-5.10348	1.97785
0	-4.67944	1.89928
6	-2.51965	-2.66213
3	-1.55924	2.81042
3	-2.01516	3.45655
0	-5.27448	1.93348
7	2.28681	-0.846031
1	3.38395	1.21837
7	3.76794	-2.42641
1	3.31079	1.08415
1	3.3579	1.09766
3	-1.75921	3.30014
1	2.4219	0.188532
0	-4.88144	1.64614
9	0.90653	-4.3399
9	0.983098	-4.49315
7	3.39738	-2.16903
5	0.330548	0.951285
4	0.446137	-0.991972
1	3.4433	1.14729
4	0.326704	-1.04505
8	1.38668	3.92498
9	0.846548	-4.60276
5	0.309536	1.0523
3	-1.91538	3.78253
5	0.285897	1.0397
1	3.29516	1.05097
9	0.770498	-4.49304
8	1.88773	4.06775
2	0.636614	-1.12683
3	-1.08687	2.24137
3	-1.55544	3.24292
9	0.842057	-4.75504
9	0.897995	-4.38092
0	-4.74416	1.65482
1	3.46316	1.20302
0	-4.60298	1.77205
2	-1.98809	-0.367559
9	0.858402	-4.12293
3	-1.88311	3.4529
9	0.812382	-4.19892
3	-1.75846	3.35357
3	-1.75982	3.15203
6	-2.37614	-3.34937
2	-1.74597	-0.209709
4	0.506803	-1.10719
9	0.844857	-3.75962
8	1.34385	4.32007
3	-1.78905	3.43095
7	3.3648	-2.50847
4	0.489105	-0.936409
0	-5.04008	1.71129
4	0.357859	-1.13702
7	3.54182	-1.72151
8	1.67559	4.14037
4	0.421271	-0.915621
9	0.892678	-4.27473
8	1.67196	4.49266
9	1.28357	-3.16573
9	0.476208	-3.2347
7	3.56214	-2.09197
5	-0.0759983	1.04081
9	0.702674	-4.57961
2	-1.74447	-0.370915
8	1.83886	4.02562
2	-1.85338	-0.32927
2	-2.01199	-0.133464
0	-4.80593	1.82078
2	-1.83628	-0.378661
2	-1.85359	-0.411902
3	-1.77212	3.4424
8	1.30143	4.03251
4	0.470696	-0.953168
6	-2.54774	-3.42161
8	1.52169	4.23431
6	-0.939506	-1.05317
8	1.4531	4.01814
2	-1.85535	-0.166561
4	0.449638	-1.08143
6	-2.44646	-3.30978
7	3.28558	-1.99771
9	0.765559	-4.43137
3	-1.79328	3.46089
3	-1.89496	3.51187
9	0.888887	-3.90136
4	0.392498	-1.1304
3	-1.88926	3.89108
1	3.33085	0.979087
4	0.871409	-1.50189
4	0.677429	-0.199844
7	3.80531	-1.86051
0	-4.91634	2.09645
5	0.247617	1.00025
9	0.905807	-4.45629
6	-2.73929	-3.73639
0	-5.12187	2.28996
4	0.353764	-0.696818
4	0.064643	-1.24784
4	0.724524	-0.573889
4	0.441929	-1.08423
6	-2.44894	-3.21531
1	3.2124	1.10832
2	-1.74966	-0.176921
3	-1.8915	3.50014
3	-1.69494	3.16207
6	-3.16336	-3.13988
4	0.534848	-1.04016
5	0.63226	1.01641
9	0.883368	-4.48993
6	-2.60347	-3.22258
8	1.15482	3.96599
5	0.253693	1.06568
6	-2.75182	-2.81535
5	-2.05076	2.51976
8	1.0497	3.21947
6	-2.50225	-3.21635
4	0.4629	-1.06555
1	3.44325	1.0989
8	1.45	4.15392
6	-2.15779	-3.11076
5	0.00375088	0.728504
2	-1.85643	-0.392653
8	1.76908	4.98784
4	0.539611	-0.861107
5	0.239643	0.973919
5	0.334058	1.02052
4	0.532673	-0.912762
7	3.60465	-2.26151
7	3.39459	-2.07735
0	-4.18291	2.05189
7	3.39438	-2.52702
8	1.59505	4.0709
2	-1.82302	-0.116435
2	-2.2001	-0.391341
3	-1.64452	3.37641
7	3.96356	-2.11684
0	-4.82153	1.63617
1	3.41756	1.11833
8	1.31012	3.89205
0	-4.76124	1.72288
7	3.5396	-1.90196
1	3.57764	1.33157
9	0.8877	-4.59279
8	1.45265	4.06496
7	2.96908	-1.7305
5	0.32328	1.10634
5	0.0938768	1.0215
9	0.853713	-4.18431
1	3.56086	1.07811
7	3.64993	-2.03839
5	0.260254	1.29005
4	0.334008	-0.791228
9	-0.031668	-1.85353
1	3.50235	1.17394
2	-1.18865	-0.114618
2	-1.33102	-0.240694
1	2.4381	0.390977
6	-2.45967	-3.21729
6	-2.52184	-3.28796
7	2.35634	-1.33835
1	3.46764	1.20885
1	3.13195	1.44275
4	0.545118	-1.11791
0	-4.69793	1.77414
7	3.47015	-2.21329
4	0.366023	-1.0414
2	-1.79725	-0.353281
4	0.367303	-0.940695
0	-4.90265	2.00302
6	-2.54365	-3.48261
4	0.244136	-0.843907
7	3.56105	-1.89911
6	-2.65618	-3.36983
9	0.905263	-4.33198
5	0.266997	1.03454
3	-1.9579	4.08614
4	0.296334	-1.00851
6	-2.73898	-3.2977
5	0.686095	1.36237
0	-5.29112	1.79369
1	3.51922	1.06335
8	0.717566	3.9382
8	1.97005	4.24318
2	-1.76627	-0.3399
8	0.957501	4.14
3	-1.6991	3.5276
5	0.274974	0.898488
7	3.32612	-2.01686
8	1.57534	4.20661
0	-4.77298	1.81229
8	1.58874	4.63491
5	0.197576	1.11514
7	3.56142	-1.90701
1	3.32042	1.01254
1	3.36051	1.10492
0	-4.74901	1.68573
1	3.37338	1.10166
3	-1.81252	3.39371
7	3.31861	-2.22304
8	1.54295	4.01186
5	0.41195	1.22193
0	-4.869	1.65436
7	2.73139	-1.46533
1	3.36044	1.11831
1	3.11718	1.01599
0	-4.77339	1.70764
1	3.25618	1.15503
1	3.42726	1.09467
4	0.325665	-1.10916
5	0.44949	1.0247
2	-1.86493	-0.301222
7	3.31455	-1.68515
6	-2.40608	-3.28709
2	-1.97415	-0.342131
3	-1.87623	3.592
0	-4.79147	1.85567
2	-1.89877	-0.50608
8	0.460155	3.40153
5	0.375948	1.39713
9	0.344214	-3.24004
6	-2.72778	-3.73228
9	0.780795	-4.57559
7	3.71654	-2.00135
2	-1.85423	-0.335981
1	3.38162	1.10814
3	-1.75825	3.44274
6	-2.68044	-3.14344
4	0.375324	-1.6326
1	3.38538	1.19394
8	1.45681	3.84662
2	-1.85259	-0.373574
4	0.441148	-1.07759
0	-4.86148	1.89638
5	0.260881	1.12755
1	3.41285	1.14132
0	-4.69442	1.91416
2	-1.59489	1.04429
2	-1.9084	-0.512894
6	-2.68327	-3.60561
4	0.315149	-1.13351
4	0.529947	-1.08635
3	-1.70485	3.435
9	1.00184	-4.78709
6	-1.85872	-2.46557
1	3.36939	1.17489
6	-2.68797	-3.25851
5	0.097527	1.01078
7	3.49267	-2.2557
9	0.989913	-4.5539
2	-1.87128	-0.155758
0	-4.42424	1.84454
2	-1.73552	-0.368075
6	-2.56219	-3.42107
0	-4.80477	1.51969
1	3.27925	1.21997
4	0.241884	-1.05786
3	-1.73975	3.36064
5	-0.131619	1.88764
2	-1.78669	-0.325877
8	1.70566	4.10874
8	1.23914	3.15128
0	-4.82082	1.82549
8	1.45577	3.99462
8	1.61458	4.2369
9	0.793137	-4.54264
0	-4.59012	1.67893
9	0.851856	-4.41372
6	-2.67843	-3.49711
7	3.91303	-2.42527
6	-2.65377	-3.2166
3	-1.71433	3.43787
9	1.14544	-5.41162
3	-1.78894	3.56222
4	0.440504	-1.41251
7	3.40462	-2.10249
7	3.13907	-1.8674
7	3.61315	-1.5897
4	0.307691	-1.16725
9	0.402928	-4.07114
0	-4.44141	1.92512
6	-2.1838	-2.8121
4	0.448845	-1.72543
8	0.827397	3.48237
4	0.49859	-1.02571
2	-1.94655	0.0114088
7	3.55227	-2.25592
2	-1.81969	-0.358791
8	1.46009	4.20832
1	3.47433	1.12545
0	-4.86047	1.71041
0	-4.81704	1.68755
7	3.53309	-1.84346
8	1.65527	3.9921
3	-1.92105	3.86304
3	-1.59598	3.31765
3	-1.49898	3.29657
1	3.51125	1.15583
3	-1.66208	3.70167
7	3.58018	-2.20254
6	-2.21649	-3.20925
1	3.41712	1.16296
3	-1.80353	3.9258
1	3.36145	1.1908
6	-2.55689	-3.37196
6	-2.5638	-2.76241
5	0.272635	1.15961
7	3.56952	-1.73602
4	0.514107	-0.987245
7	3.60314	-2.36822
5	0.107091	1.17494
9	-0.836856	-1.81212
5	0.248597	0.861804
8	1.94325	5.06307
4	0.426391	-1.03091
9	0.860655	-4.36423
9	1.00924	-4.82906
1	3.4403	1.01449
6	-0.407765	0.305569
5	0.116486	1.16749
0	-4.9374	1.80553
1	3.35844	1.06515
3	-1.51585	2.95273
7	1.22324	-0.176007
0	-4.76574	1.94155
3	-1.95226	3.9831
4	0.300392	-1.04257
8	1.59015	4.43131
2	-1.40009	-0.417145
2	-1.8401	-0.251141
0	-4.76795	2.02416
2	-1.78544	-0.307881
5	-0.0669481	2.28025
1	3.35931	1.16936
5	-0.304011	0.968475
1	3.45456	1.15938
4	-0.0925804	-1.35422
8	1.48239	3.86003
8	1.5391	4.17958
9	0.747438	-4.28306
1	3.47555	1.2577
2	-1.68465	-0.473804
1	3.35045	1.19762
3	-1.97871	3.87835
5	0.191528	1.04118
1	3.30748	1.12353
0	-4.81611	2.099
9	0.930146	-4.11943
4	0.41742	-0.994883
4	0.47417	-0.997079
8	0.672241	4.41812
3	-2.00218	3.75426
2	-1.39947	0.520837
5	0.212384	0.858685
9	1.0136	-4.21785
7	4.0112	-2.38188
6	-2.25854	-3.24275
6	-2.89954	-3.57181
2	-1.84568	-0.246356
0	-4.96224	1.68752
0	-4.72685	1.67687
0	-4.68212	1.71941
5	0.657387	1.6721
8	1.61633	3.89951
7	0.0904783	0.93098
1	3.4321	1.13656
5	-0.0521224	1.27771
2	-1.73632	-0.380704
3	-1.54429	3.33992
8	1.8731	4.25459
5	0.260834	1.07228
1	3.3797	1.11196
8	1.55735	4.20877
2	-1.8704	-0.293342
0	-4.08642	0.906642
4	0.44466	-1.02113
9	1.0065	-4.0797
9	0.613846	-3.34253
6	-2.2753	-2.91654
2	-1.81017	-0.404816
3	-1.68015	3.33159
3	-1.9526	3.61699
5	0.300169	1.16589
6	-2.33843	-2.67001
4	0.333904	-0.988944
8	1.78532	4.16786
0	-4.82988	1.8131
9	1.24963	-3.2512
2	-1.80865	-0.281857
8	1.23444	3.74185
3	-1.6584	3.47073
6	-2.00456	-3.6193
7	3.8614	-2.1481
5	0.261186	0.91401
7	3.21572	-1.08402
2	-1.81078	-0.512899
9	0.959495	-4.16257
4	0.217807	-1.16716
9	0.918614	-4.51359
1	3.38605	1.24295
2	-1.82323	-0.262196
8	1.527	3.94191
6	-2.07059	-2.25848
0	-4.37478	1.70205
7	3.53393	-2.05692
0	-4.70209	1.73178
9	0.662311	-3.29769
1	3.354	1.10581
1	3.36422	1.09224
6	-2.69182	0.236044
7	3.31026	-2.11939
5	0.0926499	1.47655
9	0.628669	-4.0374
9	0.857618	-4.40154
1	3.41671	1.07094
9	0.645205	-1.8525
5	0.0913125	0.938986
9	0.959467	-4.82354
2	-1.90822	-0.106276
5	0.192109	0.836096
0	-5.39606	1.86287
4	0.381036	-0.991404
1	3.40719	1.19424
0	-4.78853	1.85857
8	1.4741	3.80049
9	0.635944	-2.84803
0	-4.43568	1.48387
8	0.903356	3.87914
9	0.917003	-4.20834
8	1.61529	4.42804
9	0.722565	-4.42226
4	0.450295	-0.942285
2	-2.01715	-0.120688
5	0.219977	0.866296
7	3.62086	-2.13773
9	0.958096	-4.04386
8	1.49674	4.16656
9	1.1022	-4.52507
8	1.54025	4.09419
0	-4.74157	2.02948
9	0.704465	-3.74974
9	0.886867	-4.06489
6	-2.63652	-3.49062
8	1.45227	3.79086
9	0.88471	-4.07577
9	0.858206	-4.48472
5	0.134824	1.1284
9	1.01569	-4.435
8	1.53842	3.66127
5	-0.261461	1.06011
1	3.52563	1.2409
0	-4.96198	1.88964
3	-1.62049	3.29633
3	-1.74425	3.59528
5	0.0592983	0.954574
2	-1.72979	-0.35508
1	3.42805	1.31111
6	-2.39347	-3.19912
5	0.0557449	1.41376
0	-4.8699	1.83479
2	-1.72046	-0.30486
8	1.65901	4.15318
1	3.05455	1.27859
5	0.245063	1.09073
6	-2.12435	-2.66832
2	-1.75219	-0.369285
3	-1.71446	3.36998
0	-5.1252	2.14256
2	-1.64372	-0.202521
2	-1.95967	-0.308981
6	-2.56136	-3.23779
4	0.329648	-0.939201
3	-1.81877	3.29176
5	0.176391	0.934633
5	0.114403	1.34768
1	3.35188	1.11692
7	3.70332	-1.98573
2	-1.88249	-0.338504
1	3.5002	1.09689
6	-2.51452	-3.20806
9	0.785629	-4.27874
1	3.64659	1.11175
9	0.53486	-2.61031
9	0.909408	-4.51854
5	0.249809	0.947007
5	0.221688	1.05887
1	3.42425	1.23322
6	-2.45497	-3.17841
2	-1.57653	-0.229028
2	-1.81391	-0.503618
8	1.42249	3.77246
6	-2.87243	-3.32676
7	4.21354	-2.34344
1	3.33502	1.23569
4	0.380777	-0.997528
6	-2.36123	-2.73025
0	-4.6136	2.06913
4	-0.484599	-1.84737
0	-4.63468	1.47375
3	-1.57014	3.02676
3	-1.63708	3.37986
2	-1.7356	-0.495502
2	-1.66478	-0.0642605
3	-1.66738	3.2943
6	-2.48187	-3.42265
8	1.34458	3.87036
9	1.08451	-4.39197
8	1.2181	3.80976
5	0.159715	0.751509
3	-1.99078	3.3206
8	1.68165	4.16569
5	0.233888	1.01062
4	0.465886	-1.02396
5	0.158416	0.85509
2	-1.92558	-0.505557
0	-4.85859	1.58528
5	0.292813	1.01574
6	-2.54355	-3.41038
3	-1.88076	3.36395
2	-1.61986	-0.185955
8	1.42979	3.84008
3	-1.85173	3.66288
9	0.796944	-4.21519
9	0.889848	-4.27891
5	0.288152	1.44587
7	3.31259	-1.61129
9	0.830897	-4.04892
4	1.05692	-0.622994
6	-2.55032	-3.21819
7	3.56906	-2.10772
1	3.24906	1.25901
3	-1.81353	3.16572
7	3.25952	-0.555325
3	-1.61992	3.74706
6	-2.21378	-2.94583
6	-2.62976	-3.43508
0	-4.61496	1.87974
9	0.627923	-3.933
0	-4.91844	1.9762
1	3.3319	1.09942
9	0.90006	-4.03126
9	0.826035	-2.90069
2	-1.9343	-0.316924
8	1.55414	4.40522
8	0.834432	3.89533
0	-5.20554	2.34137
1	3.29493	1.08681
6	-2.54594	-3.44711
9	0.825847	-4.45152
7	3.61565	-2.13378
5	0.380982	1.20544
3	-1.69863	3.28479
4	0.272209	-0.685783
7	3.06523	-1.80196
4	0.386777	-1.12409
9	0.857687	-4.45141
9	1.02126	-4.1397
4	0.400419	-1.45327
3	-1.8521	3.57889
6	-2.44224	-3.17698
3	-1.60836	3.03186
1	3.40849	1.01451
1	3.28968	1.37079
7	3.33056	-1.64095
6	-2.41252	-3.08733
9	0.792199	-4.43096
1	3.29407	1.05275
8	1.58634	4.32333
4	0.215878	-0.938165
1	4.62186	1.97819
1	3.35592	1.11011
9	0.728475	-4.03792
9	0.867683	-4.71991
4	0.336237	-0.920443
3	-1.04384	2.47378
6	-2.42999	-3.27091
8	1.62153	4.17819
1	3.29742	1.13586
6	-2.4959	-3.31152
0	-4.78076	1.78794
4	0.428355	-1.06569
1	3.25741	1.17424
3	-1.8722	3.36685
7	3.15225	-0.442694
7	3.49668	-2.02341
4	0.569458	-0.82004
9	0.97008	-4.34225
5	0.0564732	1.00734
1	3.33624	1.10839
0	-4.78202	1.79216
0	-4.55431	1.50958
1	3.2932	1.12758
1	3.31382	1.12121
6	-2.35742	-2.97718
2	-1.82128	-0.38918
1	3.37916	1.08217
9	0.957816	-4.25921
8	1.66271	3.76305
4	0.326301	-0.916381
0	-4.71232	1.83788
3	-1.5271	3.14656
6	-2.68782	-3.68597
4	0.288783	-0.990397
9	0.88981	-4.41813
0	-4.38175	1.39813
7	3.68656	-2.27047
1	3.32189	1.23144
6	-2.26008	-3.21635
5	0.153557	0.916116
7	3.36563	-1.29959
5	0.191413	0.958404
2	-1.79099	-0.253966
5	0.231833	0.814064
1	3.39771	1.11084
8	1.55861	3.87802
5	-0.0295813	1.19817
4	0.353929	-1.03104
7	3.66102	-2.13019
0	-4.78376	1.81292
6	-1.76974	-2.1578
7	3.50705	-2.24981
0	-3.75525	1.43447
2	-2.024	-0.37953
5	0.108114	1.15771
8	1.83595	4.27813
1	3.30843	1.11991
0	-4.74927	1.90534
4	0.517239	-1.06176
5	0.231912	1.12225
7	3.61786	-2.12998
1	3.37635	1.19044
8	0.706925	3.35287
5	0.219351	1.18472
1	3.36844	1.13612
9	0.365161	-1.48796
0	-4.88768	1.73806
0	-4.9747	1.72886
6	-2.72543	-3.38332
0	-4.87713	2.2391
7	3.52654	-2.1445
3	-1.57821	3.40033
1	3.26186	1.1109
8	2.15239	5.34651
3	-1.67221	3.57879
9	0.815354	-4.3794
7	3.79651	-2.12901
0	-5.18168	1.7416
0	-4.70831	1.90975
8	1.8201	4.3928
9	0.579942	-3.54107
5	0.243054	1.27195
9	0.799661	-4.39756
8	1.54698	4.11053
3	-1.87211	3.64741
2	-1.81172	-0.0826177
7	3.64211	-2.30895
2	-2.10204	-0.395757
9	0.851686	-4.39272
7	2.91395	-1.81155
2	-1.79004	-0.217404
1	3.42032	1.26179
1	3.36422	1.19075
3	-1.92867	3.57206
7	3.82476	-2.23764
5	0.324726	1.2199
3	-1.67385	3.02212
1	3.35934	1.18436
9	0.927657	-4.53519
8	1.31752	3.58278
2	-2.02011	-0.0679717
2	-1.92086	-0.414804
2	-1.84259	-0.275945
8	1.45267	4.1905
8	1.29512	3.98232
5	0.234493	1.11693
7	3.45954	-2.13241
3	-1.50992	3.48139
8	1.3414	3.84138
9	0.803974	-4.2997
8	1.3146	4.09448
8	1.30234	4.15652
6	-2.50991	-3.09376
8	1.09003	3.79112
2	-1.79732	-0.292562
3	-2.14891	3.89508
9	1.13098	-4.474
7	3.58164	-2.15896
5	0.0892169	1.24966
6	-2.32076	-3.14641
2	-1.81353	-0.25824
9	0.855925	-4.55779
2	-1.92945	-0.225795
8	1.51296	4.42676
8	1.58266	3.86338
1	3.42068	1.04379
6	-2.40093	-3.14391
8	1.62651	4.25059
8	1.62554	4.1894
7	3.50403	-2.21927
9	0.815465	-4.27034
1	3.34205	1.12028
8	1.94435	4.63067
0	-5.10875	1.89623
1	3.4548	1.27298
7	3.47251	-2.07118
2	-2.18988	0.0535752
0	-4.64484	1.71907
7	3.56595	-1.91198
5	0.139323	1.28784
1	3.28478	1.11682
9	0.818487	-4.1121
0	-4.76206	1.73059
2	-2.04425	-0.0556087
0	-4.83836	1.76453
9	1.03021	-4.41777
8	1.42369	4.26216
6	-2.5039	-3.58362
2	-1.81378	-0.390184
3	-1.82454	3.5113
9	1.76826	-3.4002
3	-1.65156	3.44386
8	2.02415	4.29767
0	-4.80149	1.65385
2	-1.70876	-0.203451
1	3.30413	1.13933
1	3.4103	1.20284
1	3.3543	1.06805
1	3.36348	1.14908
4	0.552186	-0.942375
2	-2.05568	-0.0816872
9	0.804359	-3.94877
7	3.52467	-2.29082
2	1.42011	-0.632707
5	0.29995	0.995905
1	3.3952	1.19475
1	3.44262	1.12977
2	-2.08974	-0.34972
1	3.3247	1.1511
9	0.901502	-4.27036
9	0.828156	-4.26128
9	0.908044	-4.16962
1	3.27694	1.02465
0	-4.72598	1.67611
2	-1.98741	-0.46129
0	-4.64898	1.86986
2	-1.64678	-0.396477
1	3.45221	1.162
1	3.41967	1.22639
4	0.540801	-1.19126
6	-2.08528	-2.94036
4	0.347742	-1.04187
1	3.49465	1.24881
5	0.0541276	1.17574
4	0.463144	-1.15367
9	0.826762	-4.48513
7	2.95396	-1.76396
7	3.23052	-2.1353
1	2.84674	0.995106
5	0.189826	0.947932
6	-2.46837	-3.30695
2	-1.95228	-0.272136
2	-1.50595	-0.664907
2	-1.96867	-0.465218
8	0.890784	3.79493
0	-4.78803	1.84277
6	-2.37802	-3.34423
9	0.915728	-4.4606
6	-2.54096	-2.76606
1	3.0589	2.12346
9	0.885148	-4.40063
7	3.73414	-2.19326
7	3.95062	-2.35302
1	3.27596	1.14078
4	0.477536	-1.05054
8	2.19274	4.36503
5	0.199109	0.864301
3	-1.89997	3.50773
4	0.471712	-0.774903
3	-1.77682	3.50273
4	0.556469	-0.929651
9	2.03405	-3.53346
7	3.86224	-1.89296
5	0.159892	0.970735
0	-4.79499	1.87138
7	3.26754	-2.03829
4	0.427146	-0.883408
8	1.79546	4.92005
8	1.56913	3.95505
1	3.3213	1.05226
5	0.334898	1.29951
3	-1.74169	3.3053
9	0.83777	-4.29672
5	0.207136	0.944477
9	0.957278	-4.33776
7	1.12765	0.169673
6	-2.72294	-3.93706
9	0.710665	-4.63198
0	-4.84145	1.70492
3	-1.81472	3.32371
6	-2.29946	-2.93321
3	-1.96969	3.70582
9	0.840317	-4.33746
8	1.54433	3.83546
2	-1.80805	-0.368323
2	-1.31293	0.387216
1	3.26645	1.07035
2	-1.96379	-0.377697
8	1.75624	4.3204
6	-2.60926	-3.03225
8	1.7994	4.52069
5	0.318294	0.836761
5	-0.0321535	1.67785
3	-2.26747	2.84288
9	0.785085	-4.57643
4	0.384556	-1.11419
9	0.687131	-3.19766
2	-2.18147	-0.436681
5	0.16177	0.97329
1	3.42752	1.13682
5	0.0893839	1.01782
1	3.38172	1.0867
4	0.683158	-0.32648
4	0.545169	-0.876708
1	3.36471	1.07482
4	0.0850981	-1.23751
4	0.201002	-1.44536
3	-1.84115	3.38871
5	-0.510124	1.84466
9	0.847371	-4.36763
1	3.24365	1.28289
2	-1.78463	-0.17529
2	-2.05064	-0.467197
3	-1.93961	3.73011
3	-1.78726	3.50371
0	-4.87704	1.76104
2	-1.7749	-0.398516
9	0.840541	-4.30251
0	-4.77864	1.68151
0	-4.7006	1.891
9	0.63738	-4.35255
9	0.156031	-0.603311
6	-2.21729	-2.7356
0	-4.74606	1.57802
9	1.05723	-4.1509
3	-1.69683	3.42344
2	-0.467819	0.861822
8	1.64679	4.19123
4	0.326026	-1.09985
1	3.28873	1.04775
9	1.05895	-4.62479
9	1.12436	-3.87534
7	3.57711	-2.1634
2	-1.92566	-0.364455
7	3.67594	-2.11595
9	0.844704	-4.47976
9	0.887942	-4.34875
5	0.246514	1.17078
9	0.932476	-4.4783
5	0.220067	0.95132
1	3.41343	0.989133
1	3.36448	1.23922
8	1.75699	4.13926
3	-1.68682	3.2167
5	0.300413	1.08407
1	3.63062	1.32944
9	0.778259	-4.26485
5	0.256105	1.39438
3	-1.98652	3.46407
5	0.221631	1.09545
4	0.599554	-0.95068
9	0.951718	-3.99409
5	0.159107	0.951183
9	0.695715	-4.36983
3	-1.77865	3.04878
1	3.48044	1.2385
9	0.771418	-4.36043
0	-4.9206	1.77387
9	0.328042	-3.53122
7	3.64141	-2.12839
5	0.115196	1.22837
4	0.54352	-1.04382
9	0.767053	-4.37124
2	-1.76379	-0.333092
0	-4.72215	1.5248
1	3.30303	1.12838
0	-5.14162	1.93654
5	0.0457775	0.803302
1	3.38501	1.08468
4	0.342455	-1.02527
9	1.21761	-4.14425
3	-1.74081	3.38645
3	-1.53961	3.46877
6	-2.55855	-3.11942
1	3.38823	1.03831
5	0.219321	0.925226
2	-1.76932	-0.402697
5	0.153564	0.912792
2	-2.27949	-0.685484
2	-1.78232	-0.112181
0	-4.27452	2.00002
9	0.830805	-3.67822
2	-1.75665	-0.342489
6	-2.49642	-3.27798
6	-2.46126	-3.2852
0	-4.90762	1.7848
1	3.5775	1.22031
2	-1.66556	0.00291926
0	-4.68335	1.73488
3	-1.84047	3.4743
0	-5.08088	1.80582
2	-1.81908	-0.380565
5	0.0160909	1.29717
5	0.245323	1.07469
7	3.57014	-1.93126
9	0.814666	-4.94604
5	-0.854658	1.36183
5	-0.472328	1.93142
0	-4.9551	1.97601
8	1.54813	4.00626
9	0.847632	-4.34204
5	0.267054	1.00196
0	-4.87237	1.83926
3	-1.75049	3.34496
2	-1.87348	-0.204383
5	0.390505	0.913333
9	0.563291	-3.4546
0	-4.48629	1.59514
8	1.61537	4.18688
8	1.59042	4.00482
4	0.407349	-1.06879
5	0.247883	1.32536
8	1.55441	4.06486
8	1.72542	4.37393
4	0.445797	-1.12513
5	0.217191	0.936862
4	0.360539	-1.04507
8	1.32322	3.61977
5	0.128519	0.99274
4	0.470836	-1.47132
9	0.936764	-4.92302
2	-1.65795	-0.50225
2	-1.97781	-0.447221
1	3.40637	1.04683
2	-1.4379	-0.107715
6	-2.62104	-3.16036
8	1.48138	4.01906
8	1.48799	4.08186
7	3.72803	-1.83297
0	-4.70395	1.66726
3	-1.69063	3.31239
6	-2.89752	-3.41871
6	-2.4168	-3.16623
4	0.43025	-1.08509
3	-1.85722	3.64046
8	1.55796	3.97742
8	1.84844	4.20527
7	2.9577	-1.86735
2	-2.05257	-0.109874
2	-1.88862	-0.317085
0	-4.38177	1.72808
0	-4.80035	1.7065
9	0.874132	-3.8086
3	-1.92737	3.71439
9	0.835391	-4.65529
9	1.04332	-4.71661
1	3.40392	1.09733
9	0.630515	-4.64502
8	1.35573	3.88533
6	-2.52703	-3.37925
6	-2.09876	-2.80895
4	0.399855	-0.982693
2	-1.94117	-0.229548
6	-2.36628	-3.21532
9	0.760381	-4.36187
2	-1.92738	-0.356606
8	1.67757	4.26246
5	0.0716176	0.991117
4	0.422501	-1.12377
5	-0.0403415	1.01687
7	3.74032	-2.03273
9	0.817355	-4.43226
9	0.707156	-3.17391
9	0.929197	-4.51498
2	-2.18701	-0.31978
1	3.50186	1.14055
8	1.63007	4.2325
3	-1.63864	3.41106
4	0.463851	-1.13212
0	-4.902	1.82573
7	3.87545	-2.15218
8	1.65112	4.20909
3	-1.83928	3.65891
9	0.859185	-4.43291
3	-2.30348	2.97146
4	0.465703	-0.91089
6	-2.34974	-2.75133
5	0.261148	1.06632
6	-2.35646	-3.42083
2	-1.91816	-0.498151
3	-1.44602	1.97024
9	0.905778	-4.39201
2	-1.87979	-0.236148
6	-2.54753	-3.4141
0	-5.07018	2.15836
0	-4.85135	1.96432
6	-2.53771	-3.22259
1	3.26932	1.04837
2	-1.74298	-0.232916
8	1.52733	4.10474
7	3.77744	-2.16408
9	0.366363	-4.87517
8	1.90785	4.55709
2	-1.83771	-0.377987
0	-4.90904	2.00121
4	0.196517	-1.35093
7	3.46134	-2.17279
7	2.46767	-1.3695
5	0.238508	1.0855
0	-4.81751	1.83816
5	0.138993	1.25756
6	-2.54628	-3.31754
4	0.674196	-0.873951
6	-2.6544	-3.29264
7	3.53321	-2.3089
4	0.487546	-0.936129
3	-1.87191	3.37026
0	-4.77322	2.1123
7	3.58241	-2.21326
5	0.298097	1.02633
0	-4.63267	1.65527
7	3.62553	-2.16183
4	0.464032	-0.929321
2	-2.01779	-0.415342
0	-4.5969	0.868099
8	1.56628	4.12039
9	0.861268	-4.13519
9	0.777093	-4.53443
4	0.649211	-0.809543
2	-1.9005	-0.102902
4	0.465407	-1.10123
6	-2.53293	-3.26152
7	3.71719	-2.20398
8	1.41502	4.22706
7	2.24802	-1.53642
6	-2.23552	-3.00262
9	1.11209	-4.54622
4	0.404029	-1.172
1	3.75293	1.06335
3	-1.90297	3.51055
7	3.59092	-2.04821
3	-1.83136	3.32662
0	-4.80724	1.75319
8	1.68516	4.1587
8	1.5347	3.74733
7	3.30938	-1.83709
6	-2.20712	-3.11061
9	1.24638	-2.10864
3	-1.88512	3.75328
9	0.895673	-4.47608
2	-2.0859	-0.641511
2	-0.167587	-0.659745
9	0.155015	-2.35012
2	-1.95026	-0.664164
1	2.11523	0.26622
8	1.61422	4.1052
3	-1.87492	3.60579
2	-1.80074	-0.22027
9	0.633556	-3.8319
6	-2.74962	-3.39458
8	1.6344	4.26328
4	0.468953	-1.08279
0	-4.8203	1.89517
1	3.46754	1.0603
2	-1.95435	-0.262116
8	1.85982	4.23253
4	0.435742	-1.09697
5	0.394088	1.23649
2	-2.00584	-0.225811
7	3.49434	-2.0986
8	1.75964	4.93884
1	3.39347	1.15683
1	3.33623	1.12713
3	-1.76964	3.26745
0	-4.82263	1.95216
3	-1.79327	3.30048
5	0.248221	0.891137
7	3.40109	-1.82982
0	-5.08287	1.80167
3	-1.84518	3.236
1	3.42305	1.29386
9	1.11019	-4.05172
3	-1.76357	3.58248
6	-1.74246	-2.12
3	-1.70212	3.32667
1	3.52121	1.16145
7	3.66236	-2.11726
7	3.83139	-2.60316
3	-1.86144	3.80323
0	-4.67018	1.71329
8	1.23655	4.19932
4	0.403032	-0.953469
8	1.46285	3.70166
2	-1.69147	-0.399854
6	-1.82895	-2.1088
5	-0.292549	1.26607
2	-1.88239	-0.269151
9	0.793676	-4.54927
7	2.72802	-1.04746
3	-1.88431	3.73273
9	0.79755	-4.27502
0	-4.71199	1.45287
9	0.919259	-4.14375
9	0.922467	-4.54887
6	-2.47005	-3.45518
4	0.505594	-1.26923
2	-1.78843	-0.42556
9	0.652061	-4.31272
7	3.81047	-1.80745
2	-1.74857	-0.28924
1	3.26094	1.28261
1	3.43419	1.15782
6	-2.46331	-3.21783
7	3.82126	-2.4033
4	0.538734	-1.28859
7	4.16376	-2.18364
5	0.155483	1.29653
9	0.825145	-4.2579
6	-1.46965	-0.386543
8	1.43294	4.04572
2	-1.94825	-0.365755
1	3.43663	1.2451
4	-0.0952934	-1.25516
4	0.315379	-1.01124
5	0.0947661	1.24353
7	3.14869	-1.59974
6	-2.61639	-3.45647
1	3.27734	1.01006
3	-1.59936	3.23171
2	-1.80043	-0.375042
5	0.259613	1.19921
9	0.496988	-4.16633
9	0.942704	-4.33301
3	-1.65887	3.33412
6	-2.49946	-3.22474
1	3.44821	0.878357
1	3.48088	1.06063
4	0.284448	-1.10665
6	-2.51976	-3.01262
9	0.877212	-4.40721
7	3.28615	-1.88044
2	-1.77127	-0.277042
1	3.39665	1.17677
5	0.117965	1.02317
1	3.48886	1.08033
4	0.464776	-0.96349
6	-2.59833	-3.33117
3	-1.66634	3.45479
8	1.6172	4.70497
1	3.45602	1.06354
1	3.52497	1.12137
0	-4.97195	2.08291
3	-1.68953	3.57822
1	3.35985	1.12345
6	-2.66354	-3.47668
8	1.93507	4.4504
4	0.45367	-0.95325
9	0.831401	-4.56025
0	-4.8656	1.78538
7	3.60924	-2.21294
3	-1.88927	3.58911
0	-4.88312	2.29177
2	-1.68244	-0.307598
9	0.831341	-4.53042
0	-4.93927	2.17562
6	-2.59559	-3.13422
6	-2.30571	-3.50794
6	-2.08477	-1.86837
3	-1.75504	3.58802
6	-2.61883	-2.97353
7	3.4582	-2.0775
7	3.27418	-2.16015
2	-1.69343	-0.283312
8	1.58263	4.06211
6	-2.45268	-3.6059
0	-4.77226	1.71092
8	1.49968	4.23827
3	-1.64454	3.4218
0	-4.73196	1.72241
2	-1.67904	-0.267755
9	0.929368	-4.14507
8	1.47458	4.19015
3	-1.705	3.13493
2	-2.09646	-0.431943
5	0.17615	1.04351
3	-1.94398	3.41453
8	1.40929	2.91946
8	1.85958	4.30884
0	-4.70683	1.60277
0	-4.86562	1.71266
1	3.20168	1.14988
9	0.766172	-4.32844
5	0.293954	0.986445
1	3.3574	1.15468
3	-1.6368	3.30351
9	0.924664	-4.35665
6	-2.57499	-3.24009
0	-4.70195	1.87962
1	3.43725	1.09076
4	0.356511	-0.958969
1	3.43716	1.34481
7	3.63543	-1.91828
1	3.4171	1.17219
2	-1.78664	-0.399195
3	-2.05354	3.10722
7	3.69241	-2.2741
9	0.773109	-4.57545
7	3.2096	-1.41519
4	0.315528	-1.0457
9	0.863549	-4.08316
9	0.707909	-4.62824
3	-1.75524	3.46593
9	1.00683	-4.58897
2	-1.66553	-0.299236
8	1.83751	4.20661
2	-1.32984	-0.025849
7	3.62517	-1.8885
1	3.35528	1.06383
8	1.32241	3.96735
0	-4.45384	1.71469
9	1.00832	-4.57382
1	3.35564	1.27546
0	-4.85634	1.84217
1	3.33997	1.23362
7	3.60982	-2.20242
7	4.04642	-2.13969
9	0.778356	-4.35144
6	-2.6469	-3.41363
9	0.797207	-4.31253
9	0.881047	-4.64398
9	0.871738	-4.45952
2	-1.6879	-0.317652
1	3.45356	1.22583
6	-2.42505	-3.34248
1	3.30955	1.16565
3	-1.65608	3.5878
5	0.135374	0.929627
7	2.84511	-2.5245
1	3.37582	1.04833
9	0.755644	-4.384
7	3.98751	-2.11828
6	-2.36915	-3.01865
4	0.430247	-0.949436
5	-0.113019	1.09253
7	3.37001	-2.19993
6	-2.42054	-3.36434
6	-0.338444	-1.20891
9	0.891253	-4.35584
9	0.87527	-4.7396
6	-2.77782	-4.16194
3	-1.65542	3.45723
6	-2.48315	-3.14369
2	-1.94515	-0.399588
9	0.784537	-4.5313
8	1.54504	4.29221
1	3.39223	1.13308
2	-1.80795	-0.442636
2	-1.84943	-0.464459
5	0.146822	0.921185
5	0.31828	1.1469
2	-1.58717	-0.523489
3	-1.73115	3.4441
7	3.52297	-2.08062
2	-1.90602	-0.355477
1	3.40699	0.998534
0	-4.68444	1.67623
1	3.32523	1.08954
0	-4.81471	1.86007
4	0.585071	-0.977523
5	0.243579	1.16605
2	-1.7563	0.54355
8	1.48051	4.51626
2	-1.70441	-0.335007
8	1.62001	4.14181
3	-1.93955	3.6211
5	0.138124	1.15831
1	3.30432	1.17352
7	3.32349	-1.92557
8	1.58625	3.51745
1	3.46496	1.07976
1	3.29837	1.06996
2	-1.69343	-0.33464
9	0.991937	-4.47649
7	3.36754	-2.05864
8	1.64925	4.15391
4	0.439149	-0.513634
0	-4.45106	1.67815
3	-0.98523	2.16177
0	-4.64864	1.65109
7	3.63114	-2.04968
8	0.525897	4.44953
8	1.4243	4.36541
4	0.484005	-0.95597
7	3.60887	-2.11553
7	3.75859	-2.41092
8	1.57555	3.92583
5	0.320296	1.01406
8	1.62051	4.0845
4	0.186159	-0.914947
9	0.913664	-4.39309
8	1.50781	4.18332
1	3.29775	1.20738
3	-1.87523	3.40355
8	1.6768	4.36371
0	-4.76334	1.8296
3	-1.78752	3.34206
1	3.1943	1.29785
7	3.45226	-2.09731
9	0.495367	-1.65843
5	0.112166	0.9138
5	0.23355	0.223032
1	3.41263	1.10193
6	-2.40076	-3.41949
5	0.283937	0.959884
7	3.20876	-1.83172
4	0.673118	-0.957953
9	0.821088	-4.40659
3	-1.65979	3.40914
5	0.322273	1.29454
4	0.410637	-0.965163
7	3.48575	-1.90856
1	3.34871	1.06498
2	-1.77221	-0.283334
0	-4.81106	2.16342
8	1.5049	4.10452
1	3.55968	1.17961
6	-2.50437	-3.47048
0	-4.73412	1.78783
7	3.69522	-2.32335
3	-1.87017	3.9683
4	0.439508	-1.81616
7	3.60442	-2.19611
3	-1.79017	3.458
9	0.941011	-4.55983
6	-2.54214	-3.21776
0	-4.85727	1.94635
8	1.82596	4.13857
6	-2.58945	-3.62352
4	0.452155	-0.768836
8	1.56304	4.03643
7	3.4139	-2.19609
7	3.78736	-1.95271
9	0.602731	-4.26924
3	-1.60114	3.45948
8	1.55899	4.17913
6	-2.68792	-3.53539
9	0.703802	-4.17513
7	3.5448	-2.18232
2	-1.86723	-0.40908
3	-1.9125	3.80236
4	0.47327	-0.91776
0	-4.46654	1.63619
2	-1.68124	-0.328626
1	3.32387	1.11946
8	-0.490001	3.28996
3	-1.32195	3.01473
5	0.323268	1.25541
5	0.306085	1.08838
7	3.6367	-2.30299
2	-2.02362	-0.39498
4	0.59476	-0.860802
6	-3.69418	-0.413296
7	2.99581	-2.57452
2	-1.94239	-0.135279
8	1.50446	4.07262
3	-1.71553	3.50222
0	-4.82269	1.65408
8	1.40174	3.96393
7	3.49936	-2.01763
8	1.51404	3.88206
9	0.592255	-3.14875
0	-4.78684	1.76428
8	1.46658	4.37537
4	0.648353	-1.06101
4	0.444024	-0.786411
5	0.212412	1.21019
8	1.65654	4.42615
5	0.236861	1.03611
6	-2.19705	-3.24989
6	-2.47313	-3.2432
3	-1.84736	3.59837
0	-5.26592	2.33304
9	0.96491	-4.54895
3	-1.88157	3.6569
7	3.33192	-2.03783
6	-1.81919	-1.85443
8	1.43794	4.12934
9	0.812955	-4.00189
3	-2.0862	3.7898
4	0.274059	-1.10219
9	0.851997	-4.57575
5	0.196274	0.817301
8	1.30363	4.0807
9	0.706532	-4.00749
1	3.45523	1.24663
2	-1.94226	-0.426139
8	1.62751	4.01582
8	1.42566	3.90922
6	-2.50539	-3.44518
8	1.5914	4.283
1	3.44415	1.10896
3	-2.01255	3.97087
7	3.6914	-2.05076
9	0.934125	-4.43127
0	-4.99758	1.86039
1	3.37063	1.23242
1	3.38725	1.10735
4	0.690986	-2.6155
7	3.28108	-1.95754
0	-4.65153	1.7812
8	1.11061	4.51874
1	3.28573	1.22888
7	3.59898	-2.24898
4	0.431498	-0.989773
5	0.174793	0.877655
7	3.81665	-2.5709
1	3.37662	1.08495
2	-1.84063	-0.331844
1	3.23094	1.28549
1	3.35118	1.06237
3	-1.77528	3.66645
9	-1.90385	-1.51027
6	-2.32553	-3.34889
2	-1.21225	-0.221689
1	3.61729	1.181
2	-1.93907	-0.195591
8	1.43968	3.96229
0	-3.79631	1.05445
7	3.38935	-2.08687
6	-2.55315	-3.37781
6	-2.50989	-3.4815
9	0.927841	-4.42166
3	-1.73283	3.40874
7	3.20902	-1.63788
0	-5.02746	1.737
5	-0.0534934	0.487224
2	-2.04262	-0.430509
8	1.30146	4.04282
0	-4.98465	1.74897
5	0.195153	0.982377
4	0.509007	-0.957314
3	-1.7702	3.50903
8	1.60958	4.17315
4	0.524244	-0.882459
6	-2.45516	-3.29415
6	-2.48011	-3.14628
2	-1.55381	-0.150717
7	3.65128	-2.01276
9	0.85914	-4.36414
5	0.19374	1.06337
1	3.24023	1.17699
3	-2.21897	3.84751
2	-1.68063	-0.207609
4	0.570376	-1.01939
3	-1.79465	3.29073
6	-2.50992	-3.34507
1	3.4137	1.23058
9	0.952449	-4.37026
4	0.648797	-1.70298
4	0.248147	-1.11877
7	3.62769	-2.15788
6	-2.68742	-3.59962
5	0.0549087	0.718505
4	0.411036	-0.92046
1	3.33246	1.0452
9	0.837003	-4.6289
9	0.863776	-4.41464
2	-1.87764	-0.351483
7	3.38012	-2.2546
8	1.87498	4.33208
0	-4.43553	1.2108
1	2.71996	1.03235
3	-1.80523	3.58579
6	-2.56544	-3.45586
1	3.43617	1.13056
3	-1.93254	3.56401
4	0.477556	-0.747742
1	3.6812	1.21346
1	3.47207	1.24891
1	3.36575	1.1279
5	0.127628	1.13583
6	-2.17821	-2.9463
0	-4.69384	1.86128
7	3.296	-2.035
0	-4.81733	1.52021
7	3.68738	-1.97514
2	-2.05505	-0.191464
3	-1.62494	3.32494
2	-1.91012	-0.377308
5	0.172307	0.970509
2	-1.83455	1.21796
2	-1.83108	-0.454318
9	0.880026	-4.42449
4	0.320921	-1.1523
9	0.798178	-4.47714
8	1.87738	4.38335
1	3.3301	1.08512
2	-2.23676	0.222827
1	2.89524	0.676093
6	-2.78714	-3.55421
1	3.34571	1.13053
2	-1.98796	-0.25344
7	3.36489	-2.00558
8	0.902538	3.11505
0	-4.78103	1.95414
0	-4.75358	1.79678
0	-4.98087	1.7924
8	1.61245	3.79425
2	-1.88158	-0.286778
2	-1.72045	-0.346661
9	1.03838	-4.73786
2	-1.70646	-0.345218
2	-1.81888	-0.28533
7	2.29786	-0.150819
9	0.78028	-4.39185
9	0.848559	-3.55328
2	-1.84369	-0.356998
7	3.51719	-1.93688
5	0.232837	0.987161
1	3.28631	1.16173
3	-1.75877	3.27708
4	0.327463	-0.983616
9	0.830022	-4.61203
4	0.343625	-0.917885
1	3.33779	1.08877
8	1.44794	4.87044
5	0.15695	1.02882
6	-2.66918	-3.44777
2	-1.88472	-0.20098
8	1.48357	3.86058
3	-1.78933	3.46939
1	3.48883	1.15508
2	-1.66487	-0.200822
8	1.48963	4.40737
4	0.668463	-0.730432
9	0.826436	-4.28374
9	0.974007	-4.1221
3	-1.47334	2.72151
7	3.59477	-2.17008
0	-4.58455	1.64474
7	3.43574	-1.85538
7	3.80865	-2.06893
2	-1.92663	-0.185703
3	-1.76415	3.52283
2	-1.79199	-0.184891
4	0.161375	-1.09267
0	-4.83416	1.94604
3	-1.8966	3.48621
9	0.621362	-4.78487
9	0.873506	-4.48392
8	1.58496	4.21687
4	0.382695	-0.988006
1	3.33837	0.961581
0	-4.885	1.87268
6	-2.49492	-3.17281
0	-4.9329	2.1207
9	0.8703	-4.77327
6	-2.47332	-3.21684
8	1.35767	4.01885
6	-2.43799	-3.1379
1	3.34936	0.975439
1	3.40137	1.09429
9	0.778741	-4.45296
8	1.52384	3.99298
9	0.960156	-4.30576
2	-1.92901	-0.497835
3	-1.93346	3.56083
5	0.300338	0.710953
5	0.267155	0.924904
9	0.981802	-4.59712
4	0.425529	-0.986225
2	-1.75136	-0.437886
1	3.48328	1.14659
9	0.803965	-4.33352
4	0.369949	-1.11915
3	-1.90153	3.68323
9	0.778229	-4.2398
6	-2.65092	-3.42161
0	-4.59298	1.76816
4	0.468286	-1.12102
0	-4.82063	1.68916
6	-2.55531	-3.38964
0	-4.82926	1.5555
1	3.38783	1.09809
2	-1.77032	-0.303903
3	-1.61221	3.8229
4	0.381472	-1.06237
7	3.68221	-2.26719
8	1.80559	4.47833
9	0.615686	-4.80037
0	-4.67569	1.66466
1	3.30208	1.06572
2	-1.72772	-0.248005
3	-1.65921	3.72287
4	0.39572	-1.06865
7	3.55474	-2.39356
8	1.65957	4.12587
9	0.799286	-4.65198
0	-4.92444	1.52852
1	3.42223	1.14692
2	-1.87614	-0.173438
3	-1.66044	3.56507
4	0.509372	-0.993565
5	0.302207	1.04261
6	-2.65367	-3.27342
7	3.55685	-2.54653
8	1.71484	4.19992
9	0.8969	-4.95139
8	1.71655	4.25919
3	-1.7975	3.48176
4	0.467815	-0.943325
7	3.512	-2.35555
8	1.34803	3.81298
6	-2.70621	-3.59974
3	-1.87916	3.2458
4	0.40894	-1.31443
0	-4.65551	1.6916
9	0.817842	-4.61709
7	3.60537	-2.2432
1	3.41703	1.14853
9	0.803252	-4.61784
3	-1.74937	3.42186
8	1.6602	4.24485
4	0.488762	-1.10218
7	3.64819	-2.36154
3	-1.72951	3.6183
0	-4.71145	1.7142
9	0.847524	-4.49965
1	3.42408	0.998072
4	0.477645	-1.08695
5	0.401237	1.1436
4	0.597991	-1.05809
6	-2.49555	-3.35498
2	-1.56814	-0.252009
0	-4.7782	1.84997
6	-2.51941	-2.93674
2	-1.88518	-0.411751
1	3.44335	0.989289
1	3.35767	1.23366
1	3.31165	1.24682
1	3.30872	1.21765
7	3.6427	-2.17363
2	-1.76591	-0.275204
4	0.454825	-1.09815
7	3.67451	-2.14011
5	0.291342	1.10341
2	-1.73898	-0.265027
9	0.8074	-4.51389
4	0.432041	-1.12407
5	0.393449	1.00792
8	1.62829	4.18518
4	0.394242	-1.03807
2	-1.68197	-0.362677
9	0.920616	-4.55184
7	3.68374	-2.33798
0	-5.05958	1.50637
0	-4.57102	1.8084
7	3.60192	-2.32239
5	0.325595	1.06883
1	3.48021	1.12327
1	3.452	1.10392
7	3.44328	-2.03351
6	-2.61239	-3.33843
6	-2.50921	-3.28719
6	-2.61854	-3.21341
8	1.51445	4.0391
2	-1.86121	-0.408252
2	-1.68835	-0.311772
7	3.74499	-1.94932
7	3.53689	-2.23567
4	0.394068	-1.27776
0	-4.57995	1.68152
2	-1.5529	-0.201926
4	0.319399	-1.15069
2	-1.40757	-0.0251309
1	3.46681	1.04366
8	1.61374	4.01535
9	0.908496	-4.41268
6	-2.52243	-3.21841
1	3.4884	1.16366
0	-4.64751	1.72938
5	0.200483	1.46995
9	0.975401	-4.64606
6	-2.63903	-3.62813
9	0.813905	-4.59721
8	1.75976	4.19937
0	-4.58108	1.88909
3	-1.20637	3.34629
0	-4.71374	1.66106
8	1.59881	3.95122
3	-1.52413	3.37245
9	0.975795	-4.58823
6	-2.51257	-3.40241
3	-1.89479	3.81663
0	-4.94147	1.91562
1	3.46046	1.12398
2	-1.88823	-0.385595
3	-1.75088	3.52059
4	0.395229	-1.08748
5	0.0124433	1.11761
6	-2.50212	-3.28503
7	3.66354	-2.25679
0	-4.4518	2.21402
1	3.30953	1.0708
2	-1.58827	-0.405189
3	-1.81167	3.52473
4	0.44002	-1.39176
5	0.202289	1.04062
6	-2.41937	-2.99004
7	3.75742	-2.36202
8	1.6351	4.28494
9	0.739589	-4.58034
0	-3.84544	1.18969
1	3.37818	1.05114
2	-1.45739	-0.176706
3	-1.79921	3.63371
4	0.335671	-1.01615
5	0.373971	0.973571
6	-2.64258	-3.28532
7	3.55382	-2.01621
8	1.39875	3.98124
5	0.269484	1.36759
4	0.446094	-0.976689
8	1.51899	4.17847
7	3.65859	-1.8216
4	0.33859	-0.979833
7	3.42331	-2.18199
7	3.82278	-2.09603
3	-1.87418	3.54736
9	0.971482	-4.49334
8	1.63505	3.94986
